2022-02-17 13:16:43 CarinaListener [INFO] 
============= Test configuration =============
url=https://www.ebay.com/
env=PROD
browser=chrome
selenium_url=http://localhost:4444/wd/hub
max_driver_count=3
proxy_protocols=http,https,ftp
browsermob_port=0
auto_screenshot=true
explicit_timeout=200
retry_interval=10
project_report_directory=./reports
max_screen_history=10
big_screen_width=-1
big_screen_height=-1
init_retry_count=0
init_retry_interval=1
retry_count=0
locale=en_US
thread_count=-1
data_provider_thread_count=-1
core_log_level=INFO
core_log_packages=com.qaprosoft.carina.core
log_all_json=true
date_format=HH:mm:ss yyyy-MM-dd
time_format=HH:mm:ss
test_naming_pattern={method_name}
element_loading_strategy=BY_PRESENCE_OR_VISIBILITY
page_opening_strategy=BY_URL_AND_ELEMENT
localization_encoding=utf-8
localization_testing=false
default_device_timezone=GMT
default_device_time_format=24
default_device_language=en_US
selenium_url=http://localhost:4444/wd/hub

------------- Driver capabilities -----------
================================================

2022-02-17 13:16:43 TestRunRegistrar [WARN] Reporting disabled: using no op test run registrar
2022-02-17 13:16:43 Reflections [INFO] Reflections took 391 ms to scan 7 urls, producing 1741 keys and 7964 values 
2022-02-17 13:16:43 FilterTestsListener [INFO] There are no any rules and limitations
2022-02-17 13:16:43 CarinaListener [INFO] Set thread-count=1
2022-02-17 13:16:43 CarinaListener [INFO] Set data-provider-thread-count=1
2022-02-17 13:16:43 CarinaListener [INFO] CARINA_CORE_VERSION: 7.2.14
2022-02-17 13:16:43 TestRunRegistrar [WARN] Reporting disabled: using no op test run registrar
2022-02-17 13:16:43 TestRunRegistrar [WARN] Reporting disabled: using no op test run registrar
2022-02-17 13:16:43 TestRunRegistrar [WARN] Reporting disabled: using no op test run registrar
2022-02-17 13:16:43 TestRunRegistrar [WARN] Reporting disabled: using no op test run registrar
2022-02-17 13:16:43 TestRunRegistrar [WARN] Reporting disabled: using no op test run registrar
2022-02-17 13:16:43 TestRunRegistrar [WARN] Reporting disabled: using no op test run registrar
2022-02-17 13:16:43 Messager [INFO] TEST [ebayTest - checkStorageCapacityFilter] STARTED at [13:16:43 2022-02-17]
2022-02-17 13:16:43 TestRunRegistrar [WARN] Reporting disabled: using no op test run registrar
2022-02-17 13:16:43 TestRunRegistrar [WARN] Reporting disabled: using no op test run registrar
2022-02-17 13:16:43 Messager [INFO] TEST [ebayTest - checkSearchTest [L01]] STARTED at [13:16:43 2022-02-17]
2022-02-17 13:16:43 TestRunRegistrar [WARN] Reporting disabled: using no op test run registrar
2022-02-17 13:16:43 Messager [INFO] TEST [ebayTest - checkFromToPriceFilterTest] STARTED at [13:16:43 2022-02-17]
2022-02-17 13:16:43 TestRunRegistrar [WARN] Reporting disabled: using no op test run registrar
2022-02-17 13:16:43 Messager [INFO] TEST [ebayTest - checkSearchTooltipTest] STARTED at [13:16:43 2022-02-17]
2022-02-17 13:16:43 TestRunRegistrar [WARN] Reporting disabled: using no op test run registrar
2022-02-17 13:16:43 Messager [INFO] TEST [ebayTest - checkUnderPriceFilterTest] STARTED at [13:16:43 2022-02-17]
2022-02-17 13:16:46 Messager [INFO] INFO: opening url 'https://www.ebay.com/'
2022-02-17 13:16:46 Messager [INFO] INFO: opening url 'https://www.ebay.com/'
2022-02-17 13:16:46 Messager [INFO] INFO: opening url 'https://www.ebay.com/'
2022-02-17 13:16:47 DriverListener [INFO] URL 'https://www.ebay.com/' opened
2022-02-17 13:16:47 DriverListener [INFO] URL 'https://www.ebay.com/' opened
2022-02-17 13:16:47 DriverListener [INFO] URL 'https://www.ebay.com/' opened
2022-02-17 13:16:48 DriverListener [INFO] INFO: url 'https://www.ebay.com/' is opened.
2022-02-17 13:16:50 DriverListener [INFO] INFO: url 'https://www.ebay.com/' is opened.
2022-02-17 13:16:51 DriverListener [INFO] INFO: url 'https://www.ebay.com/' is opened.
2022-02-17 13:16:52 Messager [ERROR] TEST [ebayTest - checkSearchTooltipTest] FAILED at [13:16:52 2022-02-17] - no such element: Unable to locate element: {"method":"css selector","selector":"#gAC"}
  (Session info: chrome=98.0.4758.102)
For documentation on this error, please visit: https://www.seleniumhq.org/exceptions/no_such_element.html
Build info: version: '3.141.59', revision: 'e82be7d358', time: '2018-11-14T08:17:03'
System info: host: 'Artems-MacBook-Pro.local', ip: 'fe80:0:0:0:1c28:d753:381e:c9b3%en0', os.name: 'Mac OS X', os.arch: 'aarch64', os.version: '12.2', java.version: '17.0.2'
Driver info: org.openqa.selenium.remote.RemoteWebDriver
Capabilities {acceptInsecureCerts: true, browserName: chrome, browserVersion: 98.0.4758.102, chrome: {chromedriverVersion: 98.0.4758.80 (7f0488e8ba0d8..., userDataDir: /var/folders/j1/7631sqgd0xj...}, goog:chromeOptions: {debuggerAddress: localhost:52247}, javascriptEnabled: true, networkConnectionEnabled: false, pageLoadStrategy: normal, platform: MAC, platformName: MAC, proxy: Proxy(), setWindowRect: true, strictFileInteractability: false, timeouts: {implicit: 0, pageLoad: 300000, script: 30000}, unhandledPromptBehavior: dismiss and notify, webauthn:extension:credBlob: true, webauthn:extension:largeBlob: true, webauthn:virtualAuthenticators: true}
Session ID: 41372b2f11c93ddd04cc8d127a02de99
*** Element info: {Using=css selector, value=#gAC}

java.base/jdk.internal.reflect.NativeConstructorAccessorImpl.newInstance0(Native Method)
java.base/jdk.internal.reflect.NativeConstructorAccessorImpl.newInstance(NativeConstructorAccessorImpl.java:77)
java.base/jdk.internal.reflect.DelegatingConstructorAccessorImpl.newInstance(DelegatingConstructorAccessorImpl.java:45)
java.base/java.lang.reflect.Constructor.newInstanceWithCaller(Constructor.java:499)
java.base/java.lang.reflect.Constructor.newInstance(Constructor.java:480)
org.openqa.selenium.remote.http.W3CHttpResponseCodec.createException(W3CHttpResponseCodec.java:187)
org.openqa.selenium.remote.http.W3CHttpResponseCodec.decode(W3CHttpResponseCodec.java:122)
org.openqa.selenium.remote.http.W3CHttpResponseCodec.decode(W3CHttpResponseCodec.java:49)
org.openqa.selenium.remote.HttpCommandExecutor.execute(HttpCommandExecutor.java:158)
org.openqa.selenium.remote.RemoteWebDriver.execute(RemoteWebDriver.java:552)
org.openqa.selenium.remote.RemoteWebDriver.findElement(RemoteWebDriver.java:323)
org.openqa.selenium.remote.RemoteWebDriver.findElementByCssSelector(RemoteWebDriver.java:420)
org.openqa.selenium.By$ByCssSelector.findElement(By.java:431)
org.openqa.selenium.remote.RemoteWebDriver.findElement(RemoteWebDriver.java:315)
java.base/jdk.internal.reflect.NativeMethodAccessorImpl.invoke0(Native Method)
java.base/jdk.internal.reflect.NativeMethodAccessorImpl.invoke(NativeMethodAccessorImpl.java:77)
java.base/jdk.internal.reflect.DelegatingMethodAccessorImpl.invoke(DelegatingMethodAccessorImpl.java:43)
java.base/java.lang.reflect.Method.invoke(Method.java:568)
org.openqa.selenium.support.events.EventFiringWebDriver.lambda$new$1(EventFiringWebDriver.java:105)
jdk.proxy2/jdk.proxy2.$Proxy11.findElement(Unknown Source)
org.openqa.selenium.support.events.EventFiringWebDriver.findElement(EventFiringWebDriver.java:194)
com.solvd.carinatest.components.SearchTooltip.<init>(SearchTooltip.java:18)
com.solvd.carinatest.EbayTest.checkSearchTooltipTest(EbayTest.java:29)
java.base/jdk.internal.reflect.NativeMethodAccessorImpl.invoke0(Native Method)
java.base/jdk.internal.reflect.NativeMethodAccessorImpl.invoke(NativeMethodAccessorImpl.java:77)
java.base/jdk.internal.reflect.DelegatingMethodAccessorImpl.invoke(DelegatingMethodAccessorImpl.java:43)
java.base/java.lang.reflect.Method.invoke(Method.java:568)
org.testng.internal.MethodInvocationHelper.invokeMethod(MethodInvocationHelper.java:133)
org.testng.internal.TestInvoker.invokeMethod(TestInvoker.java:598)
org.testng.internal.TestInvoker.invokeTestMethod(TestInvoker.java:173)
org.testng.internal.MethodRunner.runInSequence(MethodRunner.java:46)
org.testng.internal.TestInvoker$MethodInvocationAgent.invoke(TestInvoker.java:824)
org.testng.internal.TestInvoker.invokeTestMethods(TestInvoker.java:146)
org.testng.internal.TestMethodWorker.invokeTestMethods(TestMethodWorker.java:146)
org.testng.internal.TestMethodWorker.run(TestMethodWorker.java:128)
java.base/java.util.concurrent.ThreadPoolExecutor.runWorker(ThreadPoolExecutor.java:1136)
java.base/java.util.concurrent.ThreadPoolExecutor$Worker.run(ThreadPoolExecutor.java:635)
java.base/java.lang.Thread.run(Thread.java:833)
2022-02-17 13:16:52 DriverListener [INFO] Element clicked
2022-02-17 13:16:53 Messager [INFO] INFO: opening url 'https://www.ebay.com/'
2022-02-17 13:16:53 DriverListener [INFO] Element clicked
2022-02-17 13:16:54 DriverListener [INFO] URL 'https://www.ebay.com/' opened
2022-02-17 13:16:55 DriverListener [INFO] INFO: url 'https://www.ebay.com/' is opened.
2022-02-17 13:16:55 Messager [INFO] TEST [ebayTest - checkSearchTest [L01]] PASSED at [13:16:55 2022-02-17]
2022-02-17 13:16:55 TestRunRegistrar [WARN] Reporting disabled: using no op test run registrar
2022-02-17 13:16:55 Messager [INFO] TEST [ebayTest - checkSearchTest [L02]] STARTED at [13:16:55 2022-02-17]
2022-02-17 13:16:56 DriverListener [INFO] Element clicked
2022-02-17 13:16:56 Messager [INFO] INFO: opening url 'https://www.ebay.com/'
2022-02-17 13:16:57 DriverListener [INFO] Element clicked
2022-02-17 13:16:58 DriverListener [INFO] PASS: element 'moreFiltersButton' is clicked.
2022-02-17 13:16:58 Messager [INFO] TEST [ebayTest - checkUnderPriceFilterTest] PASSED at [13:16:58 2022-02-17]
2022-02-17 13:16:58 DriverListener [INFO] URL 'https://www.ebay.com/' opened
2022-02-17 13:16:59 DriverListener [INFO] INFO: url 'https://www.ebay.com/' is opened.
2022-02-17 13:16:59 Messager [INFO] INFO: opening url 'https://www.ebay.com/'
2022-02-17 13:17:00 DriverListener [INFO] URL 'https://www.ebay.com/' opened
2022-02-17 13:17:01 DriverListener [INFO] Element clicked
2022-02-17 13:17:01 DriverListener [INFO] INFO: url 'https://www.ebay.com/' is opened.
2022-02-17 13:17:03 DriverListener [INFO] Element clicked
2022-02-17 13:17:05 DriverListener [INFO] Element clicked
2022-02-17 13:17:14 Messager [ERROR] TEST [ebayTest - checkFromToPriceFilterTest] FAILED at [13:17:14 2022-02-17] - The following asserts failed:
	Price 175-239 is not in range from 100 to 200 expected [true] but found [false],
	Price 173-210 is not in range from 100 to 200 expected [true] but found [false],
	Price 199-229 is not in range from 100 to 200 expected [true] but found [false],
	Price 134-284 is not in range from 100 to 200 expected [true] but found [false],
	Price 74-114 is not in range from 100 to 200 expected [true] but found [false],
	Price 199-209 is not in range from 100 to 200 expected [true] but found [false]

org.testng.asserts.SoftAssert.assertAll(SoftAssert.java:47)
org.testng.asserts.SoftAssert.assertAll(SoftAssert.java:31)
com.solvd.carinatest.EbayTest.checkFromToPriceFilterTest(EbayTest.java:111)
java.base/jdk.internal.reflect.NativeMethodAccessorImpl.invoke0(Native Method)
java.base/jdk.internal.reflect.NativeMethodAccessorImpl.invoke(NativeMethodAccessorImpl.java:77)
java.base/jdk.internal.reflect.DelegatingMethodAccessorImpl.invoke(DelegatingMethodAccessorImpl.java:43)
java.base/java.lang.reflect.Method.invoke(Method.java:568)
org.testng.internal.MethodInvocationHelper.invokeMethod(MethodInvocationHelper.java:133)
org.testng.internal.TestInvoker.invokeMethod(TestInvoker.java:598)
org.testng.internal.TestInvoker.invokeTestMethod(TestInvoker.java:173)
org.testng.internal.MethodRunner.runInSequence(MethodRunner.java:46)
org.testng.internal.TestInvoker$MethodInvocationAgent.invoke(TestInvoker.java:824)
org.testng.internal.TestInvoker.invokeTestMethods(TestInvoker.java:146)
org.testng.internal.TestMethodWorker.invokeTestMethods(TestMethodWorker.java:146)
org.testng.internal.TestMethodWorker.run(TestMethodWorker.java:128)
java.base/java.util.concurrent.ThreadPoolExecutor.runWorker(ThreadPoolExecutor.java:1136)
java.base/java.util.concurrent.ThreadPoolExecutor$Worker.run(ThreadPoolExecutor.java:635)
java.base/java.lang.Thread.run(Thread.java:833)
2022-02-17 13:17:21 Messager [ERROR] TEST [ebayTest - checkStorageCapacityFilter] FAILED at [13:17:21 2022-02-17] - Expected condition failed: waiting for element to be clickable: [[[[[[RemoteWebDriver: chrome on MAC (e01c8c7d5d08abc8c7e5d66948bb7a19)] -> css selector: #x-overlay__form div.x-overlay__wrapper--right]] -> css selector: div.x-refine__select__svg]] -> css selector: input] (tried for 10 second(s) with 500 milliseconds interval)
Build info: version: '3.141.59', revision: 'e82be7d358', time: '2018-11-14T08:17:03'
System info: host: 'Artems-MacBook-Pro.local', ip: 'fe80:0:0:0:1c28:d753:381e:c9b3%en0', os.name: 'Mac OS X', os.arch: 'aarch64', os.version: '12.2', java.version: '17.0.2'
Driver info: org.openqa.selenium.support.events.EventFiringWebDriver
Capabilities {acceptInsecureCerts: true, browserName: chrome, browserVersion: 98.0.4758.102, chrome: {chromedriverVersion: 98.0.4758.80 (7f0488e8ba0d8..., userDataDir: /var/folders/j1/7631sqgd0xj...}, goog:chromeOptions: {debuggerAddress: localhost:52413}, javascriptEnabled: true, networkConnectionEnabled: false, pageLoadStrategy: normal, platform: MAC, platformName: MAC, proxy: Proxy(), setWindowRect: true, strictFileInteractability: false, timeouts: {implicit: 0, pageLoad: 300000, script: 30000}, unhandledPromptBehavior: dismiss and notify, webauthn:extension:credBlob: true, webauthn:extension:largeBlob: true, webauthn:virtualAuthenticators: true}
Session ID: e01c8c7d5d08abc8c7e5d66948bb7a19

org.openqa.selenium.support.ui.WebDriverWait.timeoutException(WebDriverWait.java:95)
org.openqa.selenium.support.ui.FluentWait.until(FluentWait.java:272)
com.solvd.carinatest.AbstractFunctional.click(AbstractFunctional.java:17)
com.solvd.carinatest.components.FilterItem.clickCheckbox(FilterItem.java:26)
com.solvd.carinatest.components.FilterBlock.clickOnCheckbox(FilterBlock.java:31)
com.solvd.carinatest.components.FilterFrame.clickOnCheckbox(FilterFrame.java:38)
com.solvd.carinatest.EbayTest.checkStorageCapacityFilter(EbayTest.java:126)
java.base/jdk.internal.reflect.NativeMethodAccessorImpl.invoke0(Native Method)
java.base/jdk.internal.reflect.NativeMethodAccessorImpl.invoke(NativeMethodAccessorImpl.java:77)
java.base/jdk.internal.reflect.DelegatingMethodAccessorImpl.invoke(DelegatingMethodAccessorImpl.java:43)
java.base/java.lang.reflect.Method.invoke(Method.java:568)
org.testng.internal.MethodInvocationHelper.invokeMethod(MethodInvocationHelper.java:133)
org.testng.internal.TestInvoker.invokeMethod(TestInvoker.java:598)
org.testng.internal.TestInvoker.invokeTestMethod(TestInvoker.java:173)
org.testng.internal.MethodRunner.runInSequence(MethodRunner.java:46)
org.testng.internal.TestInvoker$MethodInvocationAgent.invoke(TestInvoker.java:824)
org.testng.internal.TestInvoker.invokeTestMethods(TestInvoker.java:146)
org.testng.internal.TestMethodWorker.invokeTestMethods(TestMethodWorker.java:146)
org.testng.internal.TestMethodWorker.run(TestMethodWorker.java:128)
java.base/java.util.concurrent.ThreadPoolExecutor.runWorker(ThreadPoolExecutor.java:1136)
java.base/java.util.concurrent.ThreadPoolExecutor$Worker.run(ThreadPoolExecutor.java:635)
java.base/java.lang.Thread.run(Thread.java:833)
2022-02-17 13:17:21 Messager [INFO] TEST [ebayTest - checkSearchTest [L02]] PASSED at [13:17:21 2022-02-17]
2022-02-17 13:17:21 TestRunRegistrar [WARN] Reporting disabled: using no op test run registrar
2022-02-17 13:17:21 Messager [INFO] TEST [ebayTest - checkSearchTest [L03]] STARTED at [13:17:21 2022-02-17]
2022-02-17 13:17:22 Messager [INFO] INFO: opening url 'https://www.ebay.com/'
2022-02-17 13:17:23 DriverListener [INFO] URL 'https://www.ebay.com/' opened
2022-02-17 13:17:24 DriverListener [INFO] INFO: url 'https://www.ebay.com/' is opened.
2022-02-17 13:17:27 DriverListener [INFO] Element clicked
2022-02-17 13:17:36 Messager [ERROR] TEST [ebayTest - checkSearchTest [L03]] FAILED at [13:17:36 2022-02-17] - The following asserts failed:
	Product title does not contain brand name "Apple" expected [true] but found [false],
	Product title does not contain brand name "Apple" expected [true] but found [false],
	Product title does not contain brand name "Apple" expected [true] but found [false],
	Product title does not contain brand name "Apple" expected [true] but found [false],
	Product title does not contain brand name "Apple" expected [true] but found [false],
	Product title does not contain brand name "Apple" expected [true] but found [false],
	Product title does not contain brand name "Apple" expected [true] but found [false],
	Product title does not contain brand name "Apple" expected [true] but found [false],
	Product title does not contain brand name "Apple" expected [true] but found [false],
	Product title does not contain brand name "Apple" expected [true] but found [false],
	Product title does not contain brand name "Apple" expected [true] but found [false],
	Product title does not contain brand name "Apple" expected [true] but found [false]

org.testng.asserts.SoftAssert.assertAll(SoftAssert.java:47)
org.testng.asserts.SoftAssert.assertAll(SoftAssert.java:31)
com.solvd.carinatest.EbayTest.checkSearchTest(EbayTest.java:53)
java.base/jdk.internal.reflect.NativeMethodAccessorImpl.invoke0(Native Method)
java.base/jdk.internal.reflect.NativeMethodAccessorImpl.invoke(NativeMethodAccessorImpl.java:77)
java.base/jdk.internal.reflect.DelegatingMethodAccessorImpl.invoke(DelegatingMethodAccessorImpl.java:43)
java.base/java.lang.reflect.Method.invoke(Method.java:568)
org.testng.internal.MethodInvocationHelper.invokeMethod(MethodInvocationHelper.java:133)
org.testng.internal.TestInvoker.invokeMethod(TestInvoker.java:598)
org.testng.internal.TestInvoker.invokeTestMethod(TestInvoker.java:173)
org.testng.internal.MethodRunner.runInSequence(MethodRunner.java:46)
org.testng.internal.TestInvoker$MethodInvocationAgent.invoke(TestInvoker.java:824)
org.testng.internal.TestInvoker.invokeTestMethods(TestInvoker.java:146)
org.testng.internal.TestMethodWorker.invokeTestMethods(TestMethodWorker.java:146)
org.testng.internal.TestMethodWorker.run(TestMethodWorker.java:128)
java.base/java.util.concurrent.ThreadPoolExecutor.runWorker(ThreadPoolExecutor.java:1136)
java.base/java.util.concurrent.ThreadPoolExecutor$Worker.run(ThreadPoolExecutor.java:635)
java.base/java.lang.Thread.run(Thread.java:833)
2022-02-17 13:17:36 TestRunRegistrar [WARN] Reporting disabled: using no op test run registrar
2022-02-17 13:17:36 Messager [INFO] TEST [ebayTest - checkSearchTest [L04]] STARTED at [13:17:36 2022-02-17]
2022-02-17 13:17:37 Messager [INFO] INFO: opening url 'https://www.ebay.com/'
2022-02-17 13:17:39 DriverListener [INFO] URL 'https://www.ebay.com/' opened
2022-02-17 13:17:39 DriverListener [INFO] INFO: url 'https://www.ebay.com/' is opened.
2022-02-17 13:17:41 DriverListener [INFO] Element clicked
2022-02-17 13:17:43 Messager [INFO] TEST [ebayTest - checkSearchTest [L04]] PASSED at [13:17:43 2022-02-17]
2022-02-17 13:17:43 TestRunRegistrar [WARN] Reporting disabled: using no op test run registrar
2022-02-17 13:17:43 Messager [INFO] TEST [ebayTest - checkSearchTest [L05]] STARTED at [13:17:43 2022-02-17]
2022-02-17 13:17:44 Messager [INFO] INFO: opening url 'https://www.ebay.com/'
2022-02-17 13:17:46 DriverListener [INFO] URL 'https://www.ebay.com/' opened
2022-02-17 13:17:46 DriverListener [INFO] INFO: url 'https://www.ebay.com/' is opened.
2022-02-17 13:17:49 DriverListener [INFO] Element clicked
2022-02-17 13:17:51 Messager [INFO] TEST [ebayTest - checkSearchTest [L05]] PASSED at [13:17:51 2022-02-17]
2022-02-17 13:17:51 Messager [INFO] INFO: '**************** Test execution summary ****************'.
2022-02-17 13:17:51 Messager [INFO] RESULT #1: TEST [ebayTest - checkSearchTooltipTest] FAIL [screenshots=file:///Users/apetrov/Documents/carina-test/./reports/1645093003245/0f336d85-d49b-44e2-88b0-89cafe4b1bf8/report.html | log=file:///Users/apetrov/Documents/carina-test/./reports/1645093003245/0f336d85-d49b-44e2-88b0-89cafe4b1bf8/test.log]
2022-02-17 13:17:51 Messager [INFO] RESULT #2: TEST [ebayTest - checkSearchTest [L01]] PASS [screenshots=file:///Users/apetrov/Documents/carina-test/./reports/1645093003245/5c11f300-2426-4f18-a812-2ec5d7d2cfbf/report.html | log=file:///Users/apetrov/Documents/carina-test/./reports/1645093003245/5c11f300-2426-4f18-a812-2ec5d7d2cfbf/test.log]
2022-02-17 13:17:51 Messager [INFO] RESULT #3: TEST [ebayTest - checkUnderPriceFilterTest] PASS [screenshots=file:///Users/apetrov/Documents/carina-test/./reports/1645093003245/8dae0ac6-c32a-4210-93e0-7f104c21c769/report.html | log=file:///Users/apetrov/Documents/carina-test/./reports/1645093003245/8dae0ac6-c32a-4210-93e0-7f104c21c769/test.log]
2022-02-17 13:17:51 Messager [INFO] RESULT #4: TEST [ebayTest - checkFromToPriceFilterTest] FAIL [screenshots=file:///Users/apetrov/Documents/carina-test/./reports/1645093003245/3c871471-cd77-49c9-9d5a-a19ed73f1c38/report.html | log=file:///Users/apetrov/Documents/carina-test/./reports/1645093003245/3c871471-cd77-49c9-9d5a-a19ed73f1c38/test.log]
2022-02-17 13:17:51 Messager [INFO] RESULT #5: TEST [ebayTest - checkStorageCapacityFilter] FAIL [screenshots=file:///Users/apetrov/Documents/carina-test/./reports/1645093003245/c51dcfb8-f4e4-4d4e-8683-b4a4f25f43ea/report.html | log=file:///Users/apetrov/Documents/carina-test/./reports/1645093003245/c51dcfb8-f4e4-4d4e-8683-b4a4f25f43ea/test.log]
2022-02-17 13:17:51 Messager [INFO] RESULT #6: TEST [ebayTest - checkSearchTest [L02]] PASS [screenshots=file:///Users/apetrov/Documents/carina-test/./reports/1645093003245/d24e65c9-e1bf-4f97-b1b5-c2889a23e801/report.html | log=file:///Users/apetrov/Documents/carina-test/./reports/1645093003245/d24e65c9-e1bf-4f97-b1b5-c2889a23e801/test.log]
2022-02-17 13:17:51 Messager [INFO] RESULT #7: TEST [ebayTest - checkSearchTest [L03]] FAIL [screenshots=file:///Users/apetrov/Documents/carina-test/./reports/1645093003245/93d233d8-97de-4168-935f-b8b1169ce81b/report.html | log=file:///Users/apetrov/Documents/carina-test/./reports/1645093003245/93d233d8-97de-4168-935f-b8b1169ce81b/test.log]
2022-02-17 13:17:51 Messager [INFO] RESULT #8: TEST [ebayTest - checkSearchTest [L04]] PASS [screenshots=file:///Users/apetrov/Documents/carina-test/./reports/1645093003245/3c1f27d7-b96b-4399-9fc9-17ce3715ae92/report.html | log=file:///Users/apetrov/Documents/carina-test/./reports/1645093003245/3c1f27d7-b96b-4399-9fc9-17ce3715ae92/test.log]
2022-02-17 13:17:51 Messager [INFO] RESULT #9: TEST [ebayTest - checkSearchTest [L05]] PASS [screenshots=file:///Users/apetrov/Documents/carina-test/./reports/1645093003245/607d696b-1072-4df8-83b6-ea498ae07306/report.html | log=file:///Users/apetrov/Documents/carina-test/./reports/1645093003245/607d696b-1072-4df8-83b6-ea498ae07306/test.log]
2022-02-17 13:18:45 CarinaListener [INFO] 
============= Test configuration =============
url=https://www.ebay.com/
env=PROD
browser=chrome
selenium_url=http://localhost:4444/wd/hub
max_driver_count=3
proxy_protocols=http,https,ftp
browsermob_port=0
auto_screenshot=true
explicit_timeout=200
retry_interval=10
project_report_directory=./reports
max_screen_history=10
big_screen_width=-1
big_screen_height=-1
init_retry_count=0
init_retry_interval=1
retry_count=0
locale=en_US
thread_count=-1
data_provider_thread_count=-1
core_log_level=INFO
core_log_packages=com.qaprosoft.carina.core
log_all_json=true
date_format=HH:mm:ss yyyy-MM-dd
time_format=HH:mm:ss
test_naming_pattern={method_name}
element_loading_strategy=BY_PRESENCE_OR_VISIBILITY
page_opening_strategy=BY_URL_AND_ELEMENT
localization_encoding=utf-8
localization_testing=false
default_device_timezone=GMT
default_device_time_format=24
default_device_language=en_US
selenium_url=http://localhost:4444/wd/hub

------------- Driver capabilities -----------
================================================

2022-02-17 13:18:45 TestRunRegistrar [WARN] Reporting disabled: using no op test run registrar
2022-02-17 13:18:46 Reflections [INFO] Reflections took 333 ms to scan 7 urls, producing 1741 keys and 7964 values 
2022-02-17 13:18:46 FilterTestsListener [INFO] There are no any rules and limitations
2022-02-17 13:18:46 CarinaListener [INFO] Set thread-count=1
2022-02-17 13:18:46 CarinaListener [INFO] Set data-provider-thread-count=1
2022-02-17 13:18:46 CarinaListener [INFO] CARINA_CORE_VERSION: 7.2.14
2022-02-17 13:18:46 TestRunRegistrar [WARN] Reporting disabled: using no op test run registrar
2022-02-17 13:18:46 TestRunRegistrar [WARN] Reporting disabled: using no op test run registrar
2022-02-17 13:18:46 Messager [INFO] TEST [carina-test - checkSearchTooltipTest] STARTED at [13:18:46 2022-02-17]
2022-02-17 13:18:47 Messager [INFO] INFO: opening url 'https://www.ebay.com/'
2022-02-17 13:18:48 DriverListener [INFO] URL 'https://www.ebay.com/' opened
2022-02-17 13:18:51 DriverListener [INFO] INFO: url 'https://www.ebay.com/' is opened.
2022-02-17 13:18:51 Messager [ERROR] TEST [carina-test - checkSearchTooltipTest] FAILED at [13:18:51 2022-02-17] - no such element: Unable to locate element: {"method":"css selector","selector":"#gAC"}
  (Session info: chrome=98.0.4758.102)
For documentation on this error, please visit: https://www.seleniumhq.org/exceptions/no_such_element.html
Build info: version: '3.141.59', revision: 'e82be7d358', time: '2018-11-14T08:17:03'
System info: host: 'Artems-MacBook-Pro.local', ip: 'fe80:0:0:0:1c28:d753:381e:c9b3%en0', os.name: 'Mac OS X', os.arch: 'aarch64', os.version: '12.2', java.version: '17.0.2'
Driver info: org.openqa.selenium.remote.RemoteWebDriver
Capabilities {acceptInsecureCerts: true, browserName: chrome, browserVersion: 98.0.4758.102, chrome: {chromedriverVersion: 98.0.4758.80 (7f0488e8ba0d8..., userDataDir: /var/folders/j1/7631sqgd0xj...}, goog:chromeOptions: {debuggerAddress: localhost:54834}, javascriptEnabled: true, networkConnectionEnabled: false, pageLoadStrategy: normal, platform: MAC, platformName: MAC, proxy: Proxy(), setWindowRect: true, strictFileInteractability: false, timeouts: {implicit: 0, pageLoad: 300000, script: 30000}, unhandledPromptBehavior: dismiss and notify, webauthn:extension:credBlob: true, webauthn:extension:largeBlob: true, webauthn:virtualAuthenticators: true}
Session ID: 3d6a19ae02781d63c15251bc89d8e38d
*** Element info: {Using=css selector, value=#gAC}

java.base/jdk.internal.reflect.NativeConstructorAccessorImpl.newInstance0(Native Method)
java.base/jdk.internal.reflect.NativeConstructorAccessorImpl.newInstance(NativeConstructorAccessorImpl.java:77)
java.base/jdk.internal.reflect.DelegatingConstructorAccessorImpl.newInstance(DelegatingConstructorAccessorImpl.java:45)
java.base/java.lang.reflect.Constructor.newInstanceWithCaller(Constructor.java:499)
java.base/java.lang.reflect.Constructor.newInstance(Constructor.java:480)
org.openqa.selenium.remote.http.W3CHttpResponseCodec.createException(W3CHttpResponseCodec.java:187)
org.openqa.selenium.remote.http.W3CHttpResponseCodec.decode(W3CHttpResponseCodec.java:122)
org.openqa.selenium.remote.http.W3CHttpResponseCodec.decode(W3CHttpResponseCodec.java:49)
org.openqa.selenium.remote.HttpCommandExecutor.execute(HttpCommandExecutor.java:158)
org.openqa.selenium.remote.RemoteWebDriver.execute(RemoteWebDriver.java:552)
org.openqa.selenium.remote.RemoteWebDriver.findElement(RemoteWebDriver.java:323)
org.openqa.selenium.remote.RemoteWebDriver.findElementByCssSelector(RemoteWebDriver.java:420)
org.openqa.selenium.By$ByCssSelector.findElement(By.java:431)
org.openqa.selenium.remote.RemoteWebDriver.findElement(RemoteWebDriver.java:315)
java.base/jdk.internal.reflect.NativeMethodAccessorImpl.invoke0(Native Method)
java.base/jdk.internal.reflect.NativeMethodAccessorImpl.invoke(NativeMethodAccessorImpl.java:77)
java.base/jdk.internal.reflect.DelegatingMethodAccessorImpl.invoke(DelegatingMethodAccessorImpl.java:43)
java.base/java.lang.reflect.Method.invoke(Method.java:568)
org.openqa.selenium.support.events.EventFiringWebDriver.lambda$new$1(EventFiringWebDriver.java:105)
jdk.proxy2/jdk.proxy2.$Proxy11.findElement(Unknown Source)
org.openqa.selenium.support.events.EventFiringWebDriver.findElement(EventFiringWebDriver.java:194)
com.solvd.carinatest.components.SearchTooltip.<init>(SearchTooltip.java:18)
com.solvd.carinatest.EbayTest.checkSearchTooltipTest(EbayTest.java:29)
java.base/jdk.internal.reflect.NativeMethodAccessorImpl.invoke0(Native Method)
java.base/jdk.internal.reflect.NativeMethodAccessorImpl.invoke(NativeMethodAccessorImpl.java:77)
java.base/jdk.internal.reflect.DelegatingMethodAccessorImpl.invoke(DelegatingMethodAccessorImpl.java:43)
java.base/java.lang.reflect.Method.invoke(Method.java:568)
org.testng.internal.MethodInvocationHelper.invokeMethod(MethodInvocationHelper.java:133)
org.testng.internal.TestInvoker.invokeMethod(TestInvoker.java:598)
org.testng.internal.TestInvoker.invokeTestMethod(TestInvoker.java:173)
org.testng.internal.MethodRunner.runInSequence(MethodRunner.java:46)
org.testng.internal.TestInvoker$MethodInvocationAgent.invoke(TestInvoker.java:824)
org.testng.internal.TestInvoker.invokeTestMethods(TestInvoker.java:146)
org.testng.internal.TestMethodWorker.invokeTestMethods(TestMethodWorker.java:146)
org.testng.internal.TestMethodWorker.run(TestMethodWorker.java:128)
java.base/java.util.ArrayList.forEach(ArrayList.java:1511)
org.testng.TestRunner.privateRun(TestRunner.java:794)
org.testng.TestRunner.run(TestRunner.java:596)
org.testng.SuiteRunner.runTest(SuiteRunner.java:377)
org.testng.SuiteRunner.runSequentially(SuiteRunner.java:371)
org.testng.SuiteRunner.privateRun(SuiteRunner.java:332)
org.testng.SuiteRunner.run(SuiteRunner.java:276)
org.testng.SuiteRunnerWorker.runSuite(SuiteRunnerWorker.java:53)
org.testng.SuiteRunnerWorker.run(SuiteRunnerWorker.java:96)
org.testng.TestNG.runSuitesSequentially(TestNG.java:1212)
org.testng.TestNG.runSuitesLocally(TestNG.java:1134)
org.testng.TestNG.runSuites(TestNG.java:1063)
org.testng.TestNG.run(TestNG.java:1031)
com.intellij.rt.testng.IDEARemoteTestNG.run(IDEARemoteTestNG.java:66)
com.intellij.rt.testng.RemoteTestNGStarter.main(RemoteTestNGStarter.java:109)
2022-02-17 13:18:51 Messager [INFO] INFO: '**************** Test execution summary ****************'.
2022-02-17 13:18:51 Messager [INFO] RESULT #1: TEST [carina-test - checkSearchTooltipTest] FAIL [screenshots=file:///Users/apetrov/Documents/carina-test/./reports/1645093125807/649bdc92-d98e-426e-abde-99fee90ca352/report.html | log=file:///Users/apetrov/Documents/carina-test/./reports/1645093125807/649bdc92-d98e-426e-abde-99fee90ca352/test.log]
