<div id='container' style='width: 98%; padding: 10px; margin: 0; background: #EBEBE0; color: #717171; font-family: Calibri;'><div id='summary'><h2 align='center' style='background-color: gray; color: white; padding: 10px; margin: 0;'>FAILED: ebay (ebay.xml) - PROD (Desktop chrome)</h2><br/><h2 style='clear: both; margin: 0;'>Summary:</h2><hr/><table style='width: 1000px;'><tr><td style='width: 100px;'>Environment:</td><td>PROD - <a href='https://www.ebay.com/'>https://www.ebay.com/</a></td></tr><tr><td>Version:</td><td></td></tr><tr><td>Device:</td><td>Desktop</td></tr><tr><td>Browser:</td><td>chrome</td></tr><tr><td>Finished:</td><td>14:51:51 2022-02-17</td></tr><tr class='pass' style='color: #66C266;'><td>Passed: </td><td>1</td></tr><tr class='fail' style='color: #FF5C33;'><td>Failed:</td><td>8</td></tr><tr class='skip' style='color: #FFD700;'><td>Skipped:</td><td>0</td></tr><tr><td>Success rate:</td><td>11%</td></tr></table></div><br/><br/><div id='results'><h2 style='margin: 0;'>Test results:</h2><hr/><table cellspacing='0' cellpadding='0' style='width: 100%;'><tr><th width='10%' align='center'>Result</th><th width='75%'>Test name</th><th width='10%'>Test files</th></tr><tr><td colspan='4' class='package' style='background: gray; border-style: solid; border-width: 1px; border-color: white; padding: 5px; color: white;'>com.solvd.carinatest</td></tr><tr class='fail' style='background: #FF5C33;'><td align='center' style='border-style: solid; border-width: 1px; border-color: white; padding: 5px; color: white;'>FAILED</td><td style='border-style: solid; border-width: 1px; border-color: white; padding: 5px; color: white;'><span>ebayTest - checkFromToPriceFilterTest</span><div style="background:#ffcccc; color: black; padding: 5px; margin: 2px 0px 2px 0px;">Cannot read the array length because &quot;array&quot; is null<br/><br/>java.base/java.util.Arrays.stream(Arrays.java:5428)<br/>com.solvd.carinatest.components.ProductBlock.lambda$getProductsPrices$6(ProductBlock.java:65)<br/>java.base/java.util.stream.ReferencePipeline$3$1.accept(ReferencePipeline.java:197)<br/>java.base/java.util.ArrayList$ArrayListSpliterator.forEachRemaining(ArrayList.java:1625)<br/>java.base/java.util.stream.AbstractPipeline.copyInto(AbstractPipeline.java:509)<br/>java.base/java.util.stream.AbstractPipeline.wrapAndCopyInto(AbstractPipeline.java:499)<br/>java.base/java.util.stream.ReduceOps$ReduceOp.evaluateSequential(ReduceOps.java:921)<br/>java.base/java.util.stream.AbstractPipeline.evaluate(AbstractPipeline.java:234)<br/>java.base/java.util.stream.ReferencePipeline.collect(ReferencePipeline.java:682)<br/>com.solvd.carinatest.components.ProductBlock.getProductsPrices(ProductBlock.java:68)<br/>com.solvd.carinatest.components.ProductBlock.getMinPrices(ProductBlock.java:44)<br/>com.solvd.carinatest.SearchedResultPage.getMinPrices(SearchedResultPage.java:31)<br/>com.solvd.carinatest.EbayTest.checkFromToPriceFilterTest(EbayTest.java:86)<br/>java.base/jdk.internal.reflect.NativeMethodAccessorImpl.invoke0(Native Method)<br/>java.base/jdk.internal.reflect.NativeMethodAccessorImpl.invoke(NativeMethodAccessorImpl.java:77)<br/>java.base/jdk.internal.reflect.DelegatingMethodAccessorImpl.invoke(DelegatingMethodAccessorImpl.java:43)<br/>java.base/java.lang.reflect.Method.invoke(Method.java:568)<br/>org.testng.internal.MethodInvocationHelper.invokeMethod(MethodInvocationHelper.java:133)<br/>org.testng.internal.TestInvoker.invokeMethod(TestInvoker.java:598)<br/>org.testng.internal.TestInvoker.invokeTestMethod(TestInvoker.java:173)<br/>org.testng.internal.MethodRunner.runInSequence(MethodRunner.java:46)<br/>org.testng.internal.TestInvoker$MethodInvocationAgent.invoke(TestInvoker.java:824)<br/>org.testng.internal.TestInvoker.invokeTestMethods(TestInvoker.java:146)<br/>org.testng.internal.TestMethodWorker.invokeTestMethods(TestMethodWorker.java:146)<br/>org.testng.internal.TestMethodWorker.run(TestMethodWorker.java:128)<br/>...</div></td><td align='center' style='border-style: solid; border-width: 1px; border-color: white; padding: 5px; color: white;'><a target='_blank' href='file:///Users/apetrov/Documents/carina-test/./reports/1645098671143/7abcd4a8-e774-4cce-9cf6-c4da147f7a5a/test.log' style='color: white;'>Logs</a><span> | </span><a target='_blank' href='file:///Users/apetrov/Documents/carina-test/./reports/1645098671143/7abcd4a8-e774-4cce-9cf6-c4da147f7a5a/report.html' style='color: white;'>Slides</a></td></tr><tr class='pass' style='background: #66C266;'><td align='center' style='border-style: solid; border-width: 1px; border-color: white; padding: 5px; color: white;'>PASSED</td><td style='border-style: solid; border-width: 1px; border-color: white; padding: 5px; color: white;'>ebayTest - checkSearchTest [L01]</td><td align='center' style='border-style: solid; border-width: 1px; border-color: white; padding: 5px; color: white;'><a target='_blank' href='file:///Users/apetrov/Documents/carina-test/./reports/1645098671143/f32f38a8-4ef0-46b2-95f7-abe953c86570/test.log' style='color: white;'>Logs</a><span> | </span><a target='_blank' href='file:///Users/apetrov/Documents/carina-test/./reports/1645098671143/f32f38a8-4ef0-46b2-95f7-abe953c86570/report.html' style='color: white;'>Slides</a></td></tr><tr class='fail' style='background: #FF5C33;'><td align='center' style='border-style: solid; border-width: 1px; border-color: white; padding: 5px; color: white;'>FAILED</td><td style='border-style: solid; border-width: 1px; border-color: white; padding: 5px; color: white;'><span>ebayTest - checkSearchTest [L02]</span><div style="background:#ffcccc; color: black; padding: 5px; margin: 2px 0px 2px 0px;">no such element: Unable to locate element: {&quot;method&quot;:&quot;css selector&quot;,&quot;selector&quot;:&quot;#gh-f input[type=text]&quot;}<br/>  (Session info: chrome=98.0.4758.102)<br/>For documentation on this error, please visit: https://www.seleniumhq.org/exceptions/no_such_element.html<br/>Build info: version: '3.141.59', revision: 'e82be7d358', time: '2018-11-14T08:17:03'<br/>System info: host: 'Artems-MacBook-Pro.local', ip: 'fe80:0:0:0:1c28:d753:381e:c9b3%en0', os.name: 'Mac OS X', os.arch: 'aarch64', os.version: '12.2', java.version: '17.0.2'<br/>Driver info: org.openqa.selenium.remote.RemoteWebDriver<br/>Capabilities {acceptInsecureCerts: true, browserName: chrome, browserVersion: 98.0.4758.102, chrome: {chromedriverVersion: 98.0.4758.80 (7f0488e8ba0d8..., userDataDir: /var/folders/j1/7631sqgd0xj...}, goog:chromeOptions: {debuggerAddress: localhost:59122}, javascriptEnabled: true, networkConnectionEnabled: false, pageLoadStrategy: normal, platform: MAC, platformName: MAC, proxy: Proxy(), setWindowRect: true, strictFileInteractability: false, timeouts: {implicit: 0, pageLoad: 300000, script: 30000}, unhandledPromptBehavior: dismiss and notify, webauthn:extension:credBlob: true, webauthn:extension:largeBlob: true, webauthn:virtualAuthenticators: true}<br/>Session ID: 46b8349a8a9b305a25b06a40f8ea30f4<br/>*** Element info: {Using=css selector, value=#gh-f input[type=text]}<br/><br/>java.base/jdk.internal.reflect.NativeConstructorAccessorImpl.newInstance0(Native Method)<br/>java.base/jdk.internal.reflect.NativeConstructorAccessorImpl.newInstance(NativeConstructorAccessorImpl.java:77)<br/>java.base/jdk.internal.reflect.DelegatingConstructorAccessorImpl.newInstance(DelegatingConstructorAccessorImpl.java:45)<br/>java.base/java.lang.reflect.Constructor.newInstanceWithCaller(Constructor.java:499)<br/>java.base/java.lang.reflect.Constructor.newInstance(Constructor.java:480)<br/>org.openqa.selenium.remote.http.W3CHttpResponseCodec.createException(W3CHttpResponseCodec.java:187)<br/>org.openqa.selenium.remote.http.W3CHttpResponseCodec.decode(W3CHttpResponseCodec.java:122)<br/>org.openqa.selenium.remote.http.W3CHttpRe...</div></td><td align='center' style='border-style: solid; border-width: 1px; border-color: white; padding: 5px; color: white;'><a target='_blank' href='file:///Users/apetrov/Documents/carina-test/./reports/1645098671143/784baab6-189d-4f9b-973d-5db48995fb71/test.log' style='color: white;'>Logs</a></td></tr><tr class='fail' style='background: #FF5C33;'><td align='center' style='border-style: solid; border-width: 1px; border-color: white; padding: 5px; color: white;'>FAILED</td><td style='border-style: solid; border-width: 1px; border-color: white; padding: 5px; color: white;'><span>ebayTest - checkSearchTest [L03]</span><div style="background:#ffcccc; color: black; padding: 5px; margin: 2px 0px 2px 0px;">no such element: Unable to locate element: {&quot;method&quot;:&quot;css selector&quot;,&quot;selector&quot;:&quot;#gh-f input[type=text]&quot;}<br/>  (Session info: chrome=98.0.4758.102)<br/>For documentation on this error, please visit: https://www.seleniumhq.org/exceptions/no_such_element.html<br/>Build info: version: '3.141.59', revision: 'e82be7d358', time: '2018-11-14T08:17:03'<br/>System info: host: 'Artems-MacBook-Pro.local', ip: 'fe80:0:0:0:1c28:d753:381e:c9b3%en0', os.name: 'Mac OS X', os.arch: 'aarch64', os.version: '12.2', java.version: '17.0.2'<br/>Driver info: org.openqa.selenium.remote.RemoteWebDriver<br/>Capabilities {acceptInsecureCerts: true, browserName: chrome, browserVersion: 98.0.4758.102, chrome: {chromedriverVersion: 98.0.4758.80 (7f0488e8ba0d8..., userDataDir: /var/folders/j1/7631sqgd0xj...}, goog:chromeOptions: {debuggerAddress: localhost:59157}, javascriptEnabled: true, networkConnectionEnabled: false, pageLoadStrategy: normal, platform: MAC, platformName: MAC, proxy: Proxy(), setWindowRect: true, strictFileInteractability: false, timeouts: {implicit: 0, pageLoad: 300000, script: 30000}, unhandledPromptBehavior: dismiss and notify, webauthn:extension:credBlob: true, webauthn:extension:largeBlob: true, webauthn:virtualAuthenticators: true}<br/>Session ID: 3986e2ca7ec8e59ff0943a7b5addd2bc<br/>*** Element info: {Using=css selector, value=#gh-f input[type=text]}<br/><br/>java.base/jdk.internal.reflect.NativeConstructorAccessorImpl.newInstance0(Native Method)<br/>java.base/jdk.internal.reflect.NativeConstructorAccessorImpl.newInstance(NativeConstructorAccessorImpl.java:77)<br/>java.base/jdk.internal.reflect.DelegatingConstructorAccessorImpl.newInstance(DelegatingConstructorAccessorImpl.java:45)<br/>java.base/java.lang.reflect.Constructor.newInstanceWithCaller(Constructor.java:499)<br/>java.base/java.lang.reflect.Constructor.newInstance(Constructor.java:480)<br/>org.openqa.selenium.remote.http.W3CHttpResponseCodec.createException(W3CHttpResponseCodec.java:187)<br/>org.openqa.selenium.remote.http.W3CHttpResponseCodec.decode(W3CHttpResponseCodec.java:122)<br/>org.openqa.selenium.remote.http.W3CHttpRe...</div></td><td align='center' style='border-style: solid; border-width: 1px; border-color: white; padding: 5px; color: white;'><a target='_blank' href='file:///Users/apetrov/Documents/carina-test/./reports/1645098671143/08035643-74e0-4f92-8111-417c71721f43/test.log' style='color: white;'>Logs</a></td></tr><tr class='fail' style='background: #FF5C33;'><td align='center' style='border-style: solid; border-width: 1px; border-color: white; padding: 5px; color: white;'>FAILED</td><td style='border-style: solid; border-width: 1px; border-color: white; padding: 5px; color: white;'><span>ebayTest - checkSearchTest [L04]</span><div style="background:#ffcccc; color: black; padding: 5px; margin: 2px 0px 2px 0px;">no such element: Unable to locate element: {&quot;method&quot;:&quot;css selector&quot;,&quot;selector&quot;:&quot;#gh-f input[type=text]&quot;}<br/>  (Session info: chrome=98.0.4758.102)<br/>For documentation on this error, please visit: https://www.seleniumhq.org/exceptions/no_such_element.html<br/>Build info: version: '3.141.59', revision: 'e82be7d358', time: '2018-11-14T08:17:03'<br/>System info: host: 'Artems-MacBook-Pro.local', ip: 'fe80:0:0:0:1c28:d753:381e:c9b3%en0', os.name: 'Mac OS X', os.arch: 'aarch64', os.version: '12.2', java.version: '17.0.2'<br/>Driver info: org.openqa.selenium.remote.RemoteWebDriver<br/>Capabilities {acceptInsecureCerts: true, browserName: chrome, browserVersion: 98.0.4758.102, chrome: {chromedriverVersion: 98.0.4758.80 (7f0488e8ba0d8..., userDataDir: /var/folders/j1/7631sqgd0xj...}, goog:chromeOptions: {debuggerAddress: localhost:59191}, javascriptEnabled: true, networkConnectionEnabled: false, pageLoadStrategy: normal, platform: MAC, platformName: MAC, proxy: Proxy(), setWindowRect: true, strictFileInteractability: false, timeouts: {implicit: 0, pageLoad: 300000, script: 30000}, unhandledPromptBehavior: dismiss and notify, webauthn:extension:credBlob: true, webauthn:extension:largeBlob: true, webauthn:virtualAuthenticators: true}<br/>Session ID: 91b808021814fd741b18fde02aaa62ab<br/>*** Element info: {Using=css selector, value=#gh-f input[type=text]}<br/><br/>java.base/jdk.internal.reflect.NativeConstructorAccessorImpl.newInstance0(Native Method)<br/>java.base/jdk.internal.reflect.NativeConstructorAccessorImpl.newInstance(NativeConstructorAccessorImpl.java:77)<br/>java.base/jdk.internal.reflect.DelegatingConstructorAccessorImpl.newInstance(DelegatingConstructorAccessorImpl.java:45)<br/>java.base/java.lang.reflect.Constructor.newInstanceWithCaller(Constructor.java:499)<br/>java.base/java.lang.reflect.Constructor.newInstance(Constructor.java:480)<br/>org.openqa.selenium.remote.http.W3CHttpResponseCodec.createException(W3CHttpResponseCodec.java:187)<br/>org.openqa.selenium.remote.http.W3CHttpResponseCodec.decode(W3CHttpResponseCodec.java:122)<br/>org.openqa.selenium.remote.http.W3CHttpRe...</div></td><td align='center' style='border-style: solid; border-width: 1px; border-color: white; padding: 5px; color: white;'><a target='_blank' href='file:///Users/apetrov/Documents/carina-test/./reports/1645098671143/9f6c979a-7829-4a8c-bba6-f51b047c3c51/test.log' style='color: white;'>Logs</a></td></tr><tr class='fail' style='background: #FF5C33;'><td align='center' style='border-style: solid; border-width: 1px; border-color: white; padding: 5px; color: white;'>FAILED</td><td style='border-style: solid; border-width: 1px; border-color: white; padding: 5px; color: white;'><span>ebayTest - checkSearchTest [L05]</span><div style="background:#ffcccc; color: black; padding: 5px; margin: 2px 0px 2px 0px;">no such element: Unable to locate element: {&quot;method&quot;:&quot;css selector&quot;,&quot;selector&quot;:&quot;#gh-f input[type=text]&quot;}<br/>  (Session info: chrome=98.0.4758.102)<br/>For documentation on this error, please visit: https://www.seleniumhq.org/exceptions/no_such_element.html<br/>Build info: version: '3.141.59', revision: 'e82be7d358', time: '2018-11-14T08:17:03'<br/>System info: host: 'Artems-MacBook-Pro.local', ip: 'fe80:0:0:0:1c28:d753:381e:c9b3%en0', os.name: 'Mac OS X', os.arch: 'aarch64', os.version: '12.2', java.version: '17.0.2'<br/>Driver info: org.openqa.selenium.remote.RemoteWebDriver<br/>Capabilities {acceptInsecureCerts: true, browserName: chrome, browserVersion: 98.0.4758.102, chrome: {chromedriverVersion: 98.0.4758.80 (7f0488e8ba0d8..., userDataDir: /var/folders/j1/7631sqgd0xj...}, goog:chromeOptions: {debuggerAddress: localhost:59312}, javascriptEnabled: true, networkConnectionEnabled: false, pageLoadStrategy: normal, platform: MAC, platformName: MAC, proxy: Proxy(), setWindowRect: true, strictFileInteractability: false, timeouts: {implicit: 0, pageLoad: 300000, script: 30000}, unhandledPromptBehavior: dismiss and notify, webauthn:extension:credBlob: true, webauthn:extension:largeBlob: true, webauthn:virtualAuthenticators: true}<br/>Session ID: 68bcfe87bca936233196e66f1cfbf2d2<br/>*** Element info: {Using=css selector, value=#gh-f input[type=text]}<br/><br/>java.base/jdk.internal.reflect.NativeConstructorAccessorImpl.newInstance0(Native Method)<br/>java.base/jdk.internal.reflect.NativeConstructorAccessorImpl.newInstance(NativeConstructorAccessorImpl.java:77)<br/>java.base/jdk.internal.reflect.DelegatingConstructorAccessorImpl.newInstance(DelegatingConstructorAccessorImpl.java:45)<br/>java.base/java.lang.reflect.Constructor.newInstanceWithCaller(Constructor.java:499)<br/>java.base/java.lang.reflect.Constructor.newInstance(Constructor.java:480)<br/>org.openqa.selenium.remote.http.W3CHttpResponseCodec.createException(W3CHttpResponseCodec.java:187)<br/>org.openqa.selenium.remote.http.W3CHttpResponseCodec.decode(W3CHttpResponseCodec.java:122)<br/>org.openqa.selenium.remote.http.W3CHttpRe...</div></td><td align='center' style='border-style: solid; border-width: 1px; border-color: white; padding: 5px; color: white;'><a target='_blank' href='file:///Users/apetrov/Documents/carina-test/./reports/1645098671143/b03128bb-34a0-4a0a-a75a-8bab83109a53/test.log' style='color: white;'>Logs</a></td></tr><tr class='fail' style='background: #FF5C33;'><td align='center' style='border-style: solid; border-width: 1px; border-color: white; padding: 5px; color: white;'>FAILED</td><td style='border-style: solid; border-width: 1px; border-color: white; padding: 5px; color: white;'><span>ebayTest - checkSearchTooltipTest</span><div style="background:#ffcccc; color: black; padding: 5px; margin: 2px 0px 2px 0px;">no such element: Unable to locate element: {&quot;method&quot;:&quot;css selector&quot;,&quot;selector&quot;:&quot;#gh-f input[type=submit]&quot;}<br/>  (Session info: chrome=98.0.4758.102)<br/>For documentation on this error, please visit: https://www.seleniumhq.org/exceptions/no_such_element.html<br/>Build info: version: '3.141.59', revision: 'e82be7d358', time: '2018-11-14T08:17:03'<br/>System info: host: 'Artems-MacBook-Pro.local', ip: 'fe80:0:0:0:1c28:d753:381e:c9b3%en0', os.name: 'Mac OS X', os.arch: 'aarch64', os.version: '12.2', java.version: '17.0.2'<br/>Driver info: org.openqa.selenium.remote.RemoteWebDriver<br/>Capabilities {acceptInsecureCerts: true, browserName: chrome, browserVersion: 98.0.4758.102, chrome: {chromedriverVersion: 98.0.4758.80 (7f0488e8ba0d8..., userDataDir: /var/folders/j1/7631sqgd0xj...}, goog:chromeOptions: {debuggerAddress: localhost:58894}, javascriptEnabled: true, networkConnectionEnabled: false, pageLoadStrategy: normal, platform: MAC, platformName: MAC, proxy: Proxy(), setWindowRect: true, strictFileInteractability: false, timeouts: {implicit: 0, pageLoad: 300000, script: 30000}, unhandledPromptBehavior: dismiss and notify, webauthn:extension:credBlob: true, webauthn:extension:largeBlob: true, webauthn:virtualAuthenticators: true}<br/>Session ID: c0c27b9ff51871d1dc4b0bf24c1288f3<br/>*** Element info: {Using=css selector, value=#gh-f input[type=submit]}<br/><br/>java.base/jdk.internal.reflect.NativeConstructorAccessorImpl.newInstance0(Native Method)<br/>java.base/jdk.internal.reflect.NativeConstructorAccessorImpl.newInstance(NativeConstructorAccessorImpl.java:77)<br/>java.base/jdk.internal.reflect.DelegatingConstructorAccessorImpl.newInstance(DelegatingConstructorAccessorImpl.java:45)<br/>java.base/java.lang.reflect.Constructor.newInstanceWithCaller(Constructor.java:499)<br/>java.base/java.lang.reflect.Constructor.newInstance(Constructor.java:480)<br/>org.openqa.selenium.remote.http.W3CHttpResponseCodec.createException(W3CHttpResponseCodec.java:187)<br/>org.openqa.selenium.remote.http.W3CHttpResponseCodec.decode(W3CHttpResponseCodec.java:122)<br/>org.openqa.selenium.remote.http.W3CHt...</div></td><td align='center' style='border-style: solid; border-width: 1px; border-color: white; padding: 5px; color: white;'><a target='_blank' href='file:///Users/apetrov/Documents/carina-test/./reports/1645098671143/a46c31b9-e699-43c7-bd38-104491f2dcfb/test.log' style='color: white;'>Logs</a></td></tr><tr class='fail' style='background: #FF5C33;'><td align='center' style='border-style: solid; border-width: 1px; border-color: white; padding: 5px; color: white;'>FAILED</td><td style='border-style: solid; border-width: 1px; border-color: white; padding: 5px; color: white;'><span>ebayTest - checkStorageCapacityFilter</span><div style="background:#ffcccc; color: black; padding: 5px; margin: 2px 0px 2px 0px;">Expected condition failed: waiting for element to be clickable: [[[[[[RemoteWebDriver: chrome on MAC (f27bcbd6060cb781a9014eccad48b58d)] -&gt; css selector: #x-overlay__form div.x-overlay__wrapper--right]] -&gt; css selector: div.x-refine__select__svg]] -&gt; css selector: input] (tried for 10 second(s) with 500 milliseconds interval)<br/>Build info: version: '3.141.59', revision: 'e82be7d358', time: '2018-11-14T08:17:03'<br/>System info: host: 'Artems-MacBook-Pro.local', ip: 'fe80:0:0:0:1c28:d753:381e:c9b3%en0', os.name: 'Mac OS X', os.arch: 'aarch64', os.version: '12.2', java.version: '17.0.2'<br/>Driver info: org.openqa.selenium.support.events.EventFiringWebDriver<br/>Capabilities {acceptInsecureCerts: true, browserName: chrome, browserVersion: 98.0.4758.102, chrome: {chromedriverVersion: 98.0.4758.80 (7f0488e8ba0d8..., userDataDir: /var/folders/j1/7631sqgd0xj...}, goog:chromeOptions: {debuggerAddress: localhost:58647}, javascriptEnabled: true, networkConnectionEnabled: false, pageLoadStrategy: normal, platform: MAC, platformName: MAC, proxy: Proxy(), setWindowRect: true, strictFileInteractability: false, timeouts: {implicit: 0, pageLoad: 300000, script: 30000}, unhandledPromptBehavior: dismiss and notify, webauthn:extension:credBlob: true, webauthn:extension:largeBlob: true, webauthn:virtualAuthenticators: true}<br/>Session ID: f27bcbd6060cb781a9014eccad48b58d<br/><br/>org.openqa.selenium.support.ui.WebDriverWait.timeoutException(WebDriverWait.java:95)<br/>org.openqa.selenium.support.ui.FluentWait.until(FluentWait.java:272)<br/>com.solvd.carinatest.AbstractFunctional.click(AbstractFunctional.java:17)<br/>com.solvd.carinatest.components.FilterItem.clickCheckbox(FilterItem.java:26)<br/>com.solvd.carinatest.components.FilterBlock.clickOnCheckbox(FilterBlock.java:31)<br/>com.solvd.carinatest.components.FilterFrame.clickOnCheckbox(FilterFrame.java:38)<br/>com.solvd.carinatest.EbayTest.checkStorageCapacityFilter(EbayTest.java:112)<br/>java.base/jdk.internal.reflect.NativeMethodAccessorImpl.invoke0(Native Method)<br/>java.base/jdk.internal.reflect.NativeMethodAccessorImpl.invoke(Nati...</div></td><td align='center' style='border-style: solid; border-width: 1px; border-color: white; padding: 5px; color: white;'><a target='_blank' href='file:///Users/apetrov/Documents/carina-test/./reports/1645098671143/1b925d23-1cdc-429c-a8b3-6b6750639342/test.log' style='color: white;'>Logs</a><span> | </span><a target='_blank' href='file:///Users/apetrov/Documents/carina-test/./reports/1645098671143/1b925d23-1cdc-429c-a8b3-6b6750639342/report.html' style='color: white;'>Slides</a></td></tr><tr class='fail' style='background: #FF5C33;'><td align='center' style='border-style: solid; border-width: 1px; border-color: white; padding: 5px; color: white;'>FAILED</td><td style='border-style: solid; border-width: 1px; border-color: white; padding: 5px; color: white;'><span>ebayTest - checkUnderPriceFilterTest</span><div style="background:#ffcccc; color: black; padding: 5px; margin: 2px 0px 2px 0px;">Cannot read the array length because &quot;array&quot; is null<br/><br/>java.base/java.util.Arrays.stream(Arrays.java:5428)<br/>com.solvd.carinatest.components.ProductBlock.lambda$getProductsPrices$6(ProductBlock.java:65)<br/>java.base/java.util.stream.ReferencePipeline$3$1.accept(ReferencePipeline.java:197)<br/>java.base/java.util.ArrayList$ArrayListSpliterator.forEachRemaining(ArrayList.java:1625)<br/>java.base/java.util.stream.AbstractPipeline.copyInto(AbstractPipeline.java:509)<br/>java.base/java.util.stream.AbstractPipeline.wrapAndCopyInto(AbstractPipeline.java:499)<br/>java.base/java.util.stream.ReduceOps$ReduceOp.evaluateSequential(ReduceOps.java:921)<br/>java.base/java.util.stream.AbstractPipeline.evaluate(AbstractPipeline.java:234)<br/>java.base/java.util.stream.ReferencePipeline.collect(ReferencePipeline.java:682)<br/>com.solvd.carinatest.components.ProductBlock.getProductsPrices(ProductBlock.java:68)<br/>com.solvd.carinatest.components.ProductBlock.getMinPrices(ProductBlock.java:44)<br/>com.solvd.carinatest.SearchedResultPage.getMinPrices(SearchedResultPage.java:31)<br/>com.solvd.carinatest.EbayTest.checkUnderPriceFilterTest(EbayTest.java:68)<br/>java.base/jdk.internal.reflect.NativeMethodAccessorImpl.invoke0(Native Method)<br/>java.base/jdk.internal.reflect.NativeMethodAccessorImpl.invoke(NativeMethodAccessorImpl.java:77)<br/>java.base/jdk.internal.reflect.DelegatingMethodAccessorImpl.invoke(DelegatingMethodAccessorImpl.java:43)<br/>java.base/java.lang.reflect.Method.invoke(Method.java:568)<br/>org.testng.internal.MethodInvocationHelper.invokeMethod(MethodInvocationHelper.java:133)<br/>org.testng.internal.TestInvoker.invokeMethod(TestInvoker.java:598)<br/>org.testng.internal.TestInvoker.invokeTestMethod(TestInvoker.java:173)<br/>org.testng.internal.MethodRunner.runInSequence(MethodRunner.java:46)<br/>org.testng.internal.TestInvoker$MethodInvocationAgent.invoke(TestInvoker.java:824)<br/>org.testng.internal.TestInvoker.invokeTestMethods(TestInvoker.java:146)<br/>org.testng.internal.TestMethodWorker.invokeTestMethods(TestMethodWorker.java:146)<br/>org.testng.internal.TestMethodWorker.run(TestMethodWorker.java:128)<br/>j...</div></td><td align='center' style='border-style: solid; border-width: 1px; border-color: white; padding: 5px; color: white;'><a target='_blank' href='file:///Users/apetrov/Documents/carina-test/./reports/1645098671143/d75f7125-17e5-423f-a246-4e3dc92c6fc4/test.log' style='color: white;'>Logs</a><span> | </span><a target='_blank' href='file:///Users/apetrov/Documents/carina-test/./reports/1645098671143/d75f7125-17e5-423f-a246-4e3dc92c6fc4/report.html' style='color: white;'>Slides</a></td></tr></table></div></div>