[2022-02-15 05:50:56] [TestRunRegistrar.java] [26] [WARN] Reporting disabled: using no op test run registrar
[2022-02-15 05:50:56] [IMessager.java] [26] [INFO] TEST [ebayTest - checkStorageCapacityFilter] STARTED at [17:50:56 2022-02-15]
[2022-02-15 05:51:02] [DriverListener.java] [26] [INFO] INFO: url 'https://www.ebay.com/' is opened.
[2022-02-15 05:51:05] [DriverListener.java] [26] [INFO] Element clicked
[2022-02-15 05:51:06] [DriverListener.java] [26] [INFO] Element clicked
[2022-02-15 05:51:08] [DriverListener.java] [26] [INFO] PASS: element 'labelLink' is clicked.
[2022-02-15 05:51:10] [DriverListener.java] [26] [INFO] PASS: element 'checkbox' is clicked.
[2022-02-15 05:51:11] [DriverListener.java] [26] [INFO] Element clicked
[2022-02-15 05:54:32] [IMessager.java] [26] [ERROR] TEST [ebayTest - checkStorageCapacityFilter] FAILED at [17:54:32 2022-02-15] - The following asserts failed:
	Item title don't contains "128GB" text. expected [true] but found [false],
	Item title don't contains "128GB" text. expected [true] but found [false],
	Item title don't contains "128GB" text. expected [true] but found [false],
	Item title don't contains "128GB" text. expected [true] but found [false],
	Item title don't contains "128GB" text. expected [true] but found [false],
	Item title don't contains "128GB" text. expected [true] but found [false],
	Item title don't contains "128GB" text. expected [true] but found [false],
	Item title don't contains "128GB" text. expected [true] but found [false],
	Item title don't contains "128GB" text. expected [true] but found [false],
	Item title don't contains "128GB" text. expected [true] but found [false],
	Item title don't contains "128GB" text. expected [true] but found [false],
	Item title don't contains "128GB" text. expected [true] but found [false],
	Item title don't contains "128GB" text. expected [true] but found [false],
	Item title don't contains "128GB" text. expected [true] but found [false],
	Item title don't contains "128GB" text. expected [true] but found [false],
	Item title don't contains "128GB" text. expected [true] but found [false],
	Item title don't contains "128GB" text. expected [true] but found [false],
	Item title don't contains "128GB" text. expected [true] but found [false],
	Item title don't contains "128GB" text. expected [true] but found [false],
	Item title don't contains "128GB" text. expected [true] but found [false],
	Item title don't contains "128GB" text. expected [true] but found [false],
	Item title don't contains "128GB" text. expected [true] but found [false],
	Item title don't contains "128GB" text. expected [true] but found [false],
	Item title don't contains "128GB" text. expected [true] but found [false],
	Item title don't contains "128GB" text. expected [true] but found [false],
	Item title don't contains "128GB" text. expected [true] but found [false],
	Item title don't contains "128GB" text. expected [true] but found [false],
	Item title don't contains "128GB" text. expected [true] but found [false],
	Item title don't contains "128GB" text. expected [true] but found [false],
	Item title don't contains "128GB" text. expected [true] but found [false],
	Item title don't contains "128GB" text. expected [true] but found [false],
	Item title don't contains "128GB" text. expected [true] but found [false],
	Item title don't contains "128GB" text. expected [true] but found [false],
	Item title don't contains "128GB" text. expected [true] but found [false],
	Item title don't contains "128GB" text. expected [true] but found [false],
	Item title don't contains "128GB" text. expected [true] but found [false],
	Item title don't contains "128GB" text. expected [true] but found [false],
	Item title don't contains "128GB" text. expected [true] but found [false],
	Item title don't contains "128GB" text. expected [true] but found [false],
	Item title don't contains "128GB" text. expected [true] but found [false],
	Item title don't contains "128GB" text. expected [true] but found [false],
	Item title don't contains "128GB" text. expected [true] but found [false],
	Item title don't contains "128GB" text. expected [true] but found [false],
	Item title don't contains "128GB" text. expected [true] but found [false],
	Item title don't contains "128GB" text. expected [true] but found [false],
	Item title don't contains "128GB" text. expected [true] but found [false],
	Item title don't contains "128GB" text. expected [true] but found [false],
	Item title don't contains "128GB" text. expected [true] but found [false],
	Item title don't contains "128GB" text. expected [true] but found [false],
	Item title don't contains "128GB" text. expected [true] but found [false],
	Item title don't contains "128GB" text. expected [true] but found [false],
	Item title don't contains "128GB" text. expected [true] but found [false],
	Item title don't contains "128GB" text. expected [true] but found [false],
	Item title don't contains "128GB" text. expected [true] but found [false],
	Item title don't contains "128GB" text. expected [true] but found [false],
	Item title don't contains "128GB" text. expected [true] but found [false],
	Item title don't contains "128GB" text. expected [true] but found [false],
	Item title don't contains "128GB" text. expected [true] but found [false],
	Item title don't contains "128GB" text. expected [true] but found [false],
	Item title don't contains "128GB" text. expected [true] but found [false]

org.testng.asserts.SoftAssert.assertAll(SoftAssert.java:47)
org.testng.asserts.SoftAssert.assertAll(SoftAssert.java:31)
com.solvd.carinatest.EbayTest.checkStorageCapacityFilter(EbayTest.java:159)
java.base/jdk.internal.reflect.NativeMethodAccessorImpl.invoke0(Native Method)
java.base/jdk.internal.reflect.NativeMethodAccessorImpl.invoke(NativeMethodAccessorImpl.java:77)
java.base/jdk.internal.reflect.DelegatingMethodAccessorImpl.invoke(DelegatingMethodAccessorImpl.java:43)
java.base/java.lang.reflect.Method.invoke(Method.java:568)
org.testng.internal.MethodInvocationHelper.invokeMethod(MethodInvocationHelper.java:133)
org.testng.internal.TestInvoker.invokeMethod(TestInvoker.java:598)
org.testng.internal.TestInvoker.invokeTestMethod(TestInvoker.java:173)
org.testng.internal.MethodRunner.runInSequence(MethodRunner.java:46)
org.testng.internal.TestInvoker$MethodInvocationAgent.invoke(TestInvoker.java:824)
org.testng.internal.TestInvoker.invokeTestMethods(TestInvoker.java:146)
org.testng.internal.TestMethodWorker.invokeTestMethods(TestMethodWorker.java:146)
org.testng.internal.TestMethodWorker.run(TestMethodWorker.java:128)
java.base/java.util.concurrent.ThreadPoolExecutor.runWorker(ThreadPoolExecutor.java:1136)
java.base/java.util.concurrent.ThreadPoolExecutor$Worker.run(ThreadPoolExecutor.java:635)
java.base/java.lang.Thread.run(Thread.java:833)
