[2022-02-17 02:51:50] [TestRunRegistrar.java] [23] [WARN] Reporting disabled: using no op test run registrar
[2022-02-17 02:51:50] [IMessager.java] [23] [INFO] TEST [ebayTest - checkSearchTest [L05]] STARTED at [14:51:50 2022-02-17]
[2022-02-17 02:51:51] [IMessager.java] [23] [ERROR] TEST [ebayTest - checkSearchTest [L05]] FAILED at [14:51:51 2022-02-17] - no such element: Unable to locate element: {"method":"css selector","selector":"#gh-f input[type=text]"}
  (Session info: chrome=98.0.4758.102)
For documentation on this error, please visit: https://www.seleniumhq.org/exceptions/no_such_element.html
Build info: version: '3.141.59', revision: 'e82be7d358', time: '2018-11-14T08:17:03'
System info: host: 'Artems-MacBook-Pro.local', ip: 'fe80:0:0:0:1c28:d753:381e:c9b3%en0', os.name: 'Mac OS X', os.arch: 'aarch64', os.version: '12.2', java.version: '17.0.2'
Driver info: org.openqa.selenium.remote.RemoteWebDriver
Capabilities {acceptInsecureCerts: true, browserName: chrome, browserVersion: 98.0.4758.102, chrome: {chromedriverVersion: 98.0.4758.80 (7f0488e8ba0d8..., userDataDir: /var/folders/j1/7631sqgd0xj...}, goog:chromeOptions: {debuggerAddress: localhost:59312}, javascriptEnabled: true, networkConnectionEnabled: false, pageLoadStrategy: normal, platform: MAC, platformName: MAC, proxy: Proxy(), setWindowRect: true, strictFileInteractability: false, timeouts: {implicit: 0, pageLoad: 300000, script: 30000}, unhandledPromptBehavior: dismiss and notify, webauthn:extension:credBlob: true, webauthn:extension:largeBlob: true, webauthn:virtualAuthenticators: true}
Session ID: 68bcfe87bca936233196e66f1cfbf2d2
*** Element info: {Using=css selector, value=#gh-f input[type=text]}

java.base/jdk.internal.reflect.NativeConstructorAccessorImpl.newInstance0(Native Method)
java.base/jdk.internal.reflect.NativeConstructorAccessorImpl.newInstance(NativeConstructorAccessorImpl.java:77)
java.base/jdk.internal.reflect.DelegatingConstructorAccessorImpl.newInstance(DelegatingConstructorAccessorImpl.java:45)
java.base/java.lang.reflect.Constructor.newInstanceWithCaller(Constructor.java:499)
java.base/java.lang.reflect.Constructor.newInstance(Constructor.java:480)
org.openqa.selenium.remote.http.W3CHttpResponseCodec.createException(W3CHttpResponseCodec.java:187)
org.openqa.selenium.remote.http.W3CHttpResponseCodec.decode(W3CHttpResponseCodec.java:122)
org.openqa.selenium.remote.http.W3CHttpResponseCodec.decode(W3CHttpResponseCodec.java:49)
org.openqa.selenium.remote.HttpCommandExecutor.execute(HttpCommandExecutor.java:158)
org.openqa.selenium.remote.RemoteWebDriver.execute(RemoteWebDriver.java:552)
org.openqa.selenium.remote.RemoteWebDriver.findElement(RemoteWebDriver.java:323)
org.openqa.selenium.remote.RemoteWebDriver.findElementByCssSelector(RemoteWebDriver.java:420)
org.openqa.selenium.By$ByCssSelector.findElement(By.java:431)
org.openqa.selenium.remote.RemoteWebDriver.findElement(RemoteWebDriver.java:315)
com.qaprosoft.carina.core.foundation.webdriver.decorator.ExtendedWebElement.refindElement(ExtendedWebElement.java:408)
com.qaprosoft.carina.core.foundation.webdriver.decorator.ExtendedWebElement.getElement(ExtendedWebElement.java:265)
com.solvd.carinatest.AbstractFunctional.sendKeys(AbstractFunctional.java:23)
com.solvd.carinatest.HomePage.typeInSearchInput(HomePage.java:20)
com.solvd.carinatest.EbayTest.checkSearchTest(EbayTest.java:42)
java.base/jdk.internal.reflect.NativeMethodAccessorImpl.invoke0(Native Method)
java.base/jdk.internal.reflect.NativeMethodAccessorImpl.invoke(NativeMethodAccessorImpl.java:77)
java.base/jdk.internal.reflect.DelegatingMethodAccessorImpl.invoke(DelegatingMethodAccessorImpl.java:43)
java.base/java.lang.reflect.Method.invoke(Method.java:568)
org.testng.internal.MethodInvocationHelper.invokeMethod(MethodInvocationHelper.java:133)
org.testng.internal.TestInvoker.invokeMethod(TestInvoker.java:598)
org.testng.internal.TestInvoker.invokeTestMethod(TestInvoker.java:173)
org.testng.internal.MethodRunner.runInSequence(MethodRunner.java:46)
org.testng.internal.TestInvoker$MethodInvocationAgent.invoke(TestInvoker.java:824)
org.testng.internal.TestInvoker.invokeTestMethods(TestInvoker.java:146)
org.testng.internal.TestMethodWorker.invokeTestMethods(TestMethodWorker.java:146)
org.testng.internal.TestMethodWorker.run(TestMethodWorker.java:128)
java.base/java.util.concurrent.ThreadPoolExecutor.runWorker(ThreadPoolExecutor.java:1136)
java.base/java.util.concurrent.ThreadPoolExecutor$Worker.run(ThreadPoolExecutor.java:635)
java.base/java.lang.Thread.run(Thread.java:833)
