[2022-02-17 02:51:11] [TestRunRegistrar.java] [24] [WARN] Reporting disabled: using no op test run registrar
[2022-02-17 02:51:11] [IMessager.java] [24] [INFO] TEST [ebayTest - checkUnderPriceFilterTest] STARTED at [14:51:11 2022-02-17]
[2022-02-17 02:51:16] [DriverListener.java] [24] [INFO] INFO: url 'https://www.ebay.com/' is opened.
[2022-02-17 02:51:20] [DriverListener.java] [24] [INFO] Element clicked
[2022-02-17 02:51:22] [DriverListener.java] [24] [INFO] Element clicked
[2022-02-17 02:51:31] [IMessager.java] [24] [ERROR] TEST [ebayTest - checkUnderPriceFilterTest] FAILED at [14:51:31 2022-02-17] - Cannot read the array length because "array" is null

java.base/java.util.Arrays.stream(Arrays.java:5428)
com.solvd.carinatest.components.ProductBlock.lambda$getProductsPrices$6(ProductBlock.java:65)
java.base/java.util.stream.ReferencePipeline$3$1.accept(ReferencePipeline.java:197)
java.base/java.util.ArrayList$ArrayListSpliterator.forEachRemaining(ArrayList.java:1625)
java.base/java.util.stream.AbstractPipeline.copyInto(AbstractPipeline.java:509)
java.base/java.util.stream.AbstractPipeline.wrapAndCopyInto(AbstractPipeline.java:499)
java.base/java.util.stream.ReduceOps$ReduceOp.evaluateSequential(ReduceOps.java:921)
java.base/java.util.stream.AbstractPipeline.evaluate(AbstractPipeline.java:234)
java.base/java.util.stream.ReferencePipeline.collect(ReferencePipeline.java:682)
com.solvd.carinatest.components.ProductBlock.getProductsPrices(ProductBlock.java:68)
com.solvd.carinatest.components.ProductBlock.getMinPrices(ProductBlock.java:44)
com.solvd.carinatest.SearchedResultPage.getMinPrices(SearchedResultPage.java:31)
com.solvd.carinatest.EbayTest.checkUnderPriceFilterTest(EbayTest.java:68)
java.base/jdk.internal.reflect.NativeMethodAccessorImpl.invoke0(Native Method)
java.base/jdk.internal.reflect.NativeMethodAccessorImpl.invoke(NativeMethodAccessorImpl.java:77)
java.base/jdk.internal.reflect.DelegatingMethodAccessorImpl.invoke(DelegatingMethodAccessorImpl.java:43)
java.base/java.lang.reflect.Method.invoke(Method.java:568)
org.testng.internal.MethodInvocationHelper.invokeMethod(MethodInvocationHelper.java:133)
org.testng.internal.TestInvoker.invokeMethod(TestInvoker.java:598)
org.testng.internal.TestInvoker.invokeTestMethod(TestInvoker.java:173)
org.testng.internal.MethodRunner.runInSequence(MethodRunner.java:46)
org.testng.internal.TestInvoker$MethodInvocationAgent.invoke(TestInvoker.java:824)
org.testng.internal.TestInvoker.invokeTestMethods(TestInvoker.java:146)
org.testng.internal.TestMethodWorker.invokeTestMethods(TestMethodWorker.java:146)
org.testng.internal.TestMethodWorker.run(TestMethodWorker.java:128)
java.base/java.util.concurrent.ThreadPoolExecutor.runWorker(ThreadPoolExecutor.java:1136)
java.base/java.util.concurrent.ThreadPoolExecutor$Worker.run(ThreadPoolExecutor.java:635)
java.base/java.lang.Thread.run(Thread.java:833)
