[2022-02-18 12:15:24] [TestRunRegistrar.java] [1] [WARN] Reporting disabled: using no op test run registrar
[2022-02-18 12:15:24] [IMessager.java] [1] [INFO] TEST [carina-test - checkSearchTest [L03]] STARTED at [12:15:24 2022-02-18]
[2022-02-18 12:15:27] [DriverListener.java] [1] [INFO] INFO: url 'https://www.ebay.com/' is opened.
[2022-02-18 12:15:31] [DriverListener.java] [1] [INFO] Element clicked
[2022-02-18 12:15:40] [IMessager.java] [1] [ERROR] TEST [carina-test - checkSearchTest [L03]] FAILED at [12:15:40 2022-02-18] - The following asserts failed:
	Product title does not contain brand name "Apple" expected [true] but found [false],
	Product title does not contain brand name "Apple" expected [true] but found [false],
	Product title does not contain brand name "Apple" expected [true] but found [false],
	Product title does not contain brand name "Apple" expected [true] but found [false],
	Product title does not contain brand name "Apple" expected [true] but found [false],
	Product title does not contain brand name "Apple" expected [true] but found [false],
	Product title does not contain brand name "Apple" expected [true] but found [false]

org.testng.asserts.SoftAssert.assertAll(SoftAssert.java:47)
org.testng.asserts.SoftAssert.assertAll(SoftAssert.java:31)
com.solvd.carinatest.EbayTest.checkSearchTest(EbayTest.java:53)
java.base/jdk.internal.reflect.NativeMethodAccessorImpl.invoke0(Native Method)
java.base/jdk.internal.reflect.NativeMethodAccessorImpl.invoke(NativeMethodAccessorImpl.java:77)
java.base/jdk.internal.reflect.DelegatingMethodAccessorImpl.invoke(DelegatingMethodAccessorImpl.java:43)
java.base/java.lang.reflect.Method.invoke(Method.java:568)
org.testng.internal.MethodInvocationHelper.invokeMethod(MethodInvocationHelper.java:133)
org.testng.internal.TestInvoker.invokeMethod(TestInvoker.java:598)
org.testng.internal.TestInvoker.invokeTestMethod(TestInvoker.java:173)
org.testng.internal.MethodRunner.runInSequence(MethodRunner.java:46)
org.testng.internal.TestInvoker$MethodInvocationAgent.invoke(TestInvoker.java:824)
org.testng.internal.TestInvoker.invokeTestMethods(TestInvoker.java:146)
org.testng.internal.TestMethodWorker.invokeTestMethods(TestMethodWorker.java:146)
org.testng.internal.TestMethodWorker.run(TestMethodWorker.java:128)
java.base/java.util.ArrayList.forEach(ArrayList.java:1511)
org.testng.TestRunner.privateRun(TestRunner.java:794)
org.testng.TestRunner.run(TestRunner.java:596)
org.testng.SuiteRunner.runTest(SuiteRunner.java:377)
org.testng.SuiteRunner.runSequentially(SuiteRunner.java:371)
org.testng.SuiteRunner.privateRun(SuiteRunner.java:332)
org.testng.SuiteRunner.run(SuiteRunner.java:276)
org.testng.SuiteRunnerWorker.runSuite(SuiteRunnerWorker.java:53)
org.testng.SuiteRunnerWorker.run(SuiteRunnerWorker.java:96)
org.testng.TestNG.runSuitesSequentially(TestNG.java:1212)
org.testng.TestNG.runSuitesLocally(TestNG.java:1134)
org.testng.TestNG.runSuites(TestNG.java:1063)
org.testng.TestNG.run(TestNG.java:1031)
com.intellij.rt.testng.IDEARemoteTestNG.run(IDEARemoteTestNG.java:66)
com.intellij.rt.testng.RemoteTestNGStarter.main(RemoteTestNGStarter.java:109)
