[2022-02-15 05:50:56] [TestRunRegistrar.java] [25] [WARN] Reporting disabled: using no op test run registrar
[2022-02-15 05:50:56] [IMessager.java] [25] [INFO] TEST [ebayTest - checkFromToPriceFilterTest] STARTED at [17:50:56 2022-02-15]
[2022-02-15 05:51:14] [DriverListener.java] [25] [INFO] INFO: url 'https://www.ebay.com/' is opened.
[2022-02-15 05:51:16] [DriverListener.java] [25] [INFO] Element clicked
[2022-02-15 05:51:18] [DriverListener.java] [25] [INFO] Element clicked
[2022-02-15 05:51:28] [IMessager.java] [25] [ERROR] TEST [ebayTest - checkFromToPriceFilterTest] FAILED at [17:51:28 2022-02-15] - The following asserts failed:
	Price 186-239 is not in range from 100 to 200 expected [true] but found [false],
	Price 187-209 is not in range from 100 to 200 expected [true] but found [false],
	Price 195-215 is not in range from 100 to 200 expected [true] but found [false],
	Price 172-209 is not in range from 100 to 200 expected [true] but found [false],
	Price 199-229 is not in range from 100 to 200 expected [true] but found [false],
	Price 199-209 is not in range from 100 to 200 expected [true] but found [false],
	Price 149-284 is not in range from 100 to 200 expected [true] but found [false]

org.testng.asserts.SoftAssert.assertAll(SoftAssert.java:47)
org.testng.asserts.SoftAssert.assertAll(SoftAssert.java:31)
com.solvd.carinatest.EbayTest.checkFromToPriceFilterTest(EbayTest.java:127)
java.base/jdk.internal.reflect.NativeMethodAccessorImpl.invoke0(Native Method)
java.base/jdk.internal.reflect.NativeMethodAccessorImpl.invoke(NativeMethodAccessorImpl.java:77)
java.base/jdk.internal.reflect.DelegatingMethodAccessorImpl.invoke(DelegatingMethodAccessorImpl.java:43)
java.base/java.lang.reflect.Method.invoke(Method.java:568)
org.testng.internal.MethodInvocationHelper.invokeMethod(MethodInvocationHelper.java:133)
org.testng.internal.TestInvoker.invokeMethod(TestInvoker.java:598)
org.testng.internal.TestInvoker.invokeTestMethod(TestInvoker.java:173)
org.testng.internal.MethodRunner.runInSequence(MethodRunner.java:46)
org.testng.internal.TestInvoker$MethodInvocationAgent.invoke(TestInvoker.java:824)
org.testng.internal.TestInvoker.invokeTestMethods(TestInvoker.java:146)
org.testng.internal.TestMethodWorker.invokeTestMethods(TestMethodWorker.java:146)
org.testng.internal.TestMethodWorker.run(TestMethodWorker.java:128)
java.base/java.util.concurrent.ThreadPoolExecutor.runWorker(ThreadPoolExecutor.java:1136)
java.base/java.util.concurrent.ThreadPoolExecutor$Worker.run(ThreadPoolExecutor.java:635)
java.base/java.lang.Thread.run(Thread.java:833)
