<div id='container' style='width: 98%; padding: 10px; margin: 0; background: #EBEBE0; color: #717171; font-family: Calibri;'><div id='summary'><h2 align='center' style='background-color: gray; color: white; padding: 10px; margin: 0;'>FAILED: Default Suite (temp-testng-customsuite.xml) - PROD (Desktop chrome)</h2><br/><h2 style='clear: both; margin: 0;'>Summary:</h2><hr/><table style='width: 1000px;'><tr><td style='width: 100px;'>Environment:</td><td>PROD - <a href='https://www.ebay.com/'>https://www.ebay.com/</a></td></tr><tr><td>Version:</td><td></td></tr><tr><td>Device:</td><td>Desktop</td></tr><tr><td>Browser:</td><td>chrome</td></tr><tr><td>Finished:</td><td>12:16:01 2022-02-18</td></tr><tr class='pass' style='color: #66C266;'><td>Passed: </td><td>1</td></tr><tr class='fail' style='color: #FF5C33;'><td>Failed:</td><td>4</td></tr><tr class='skip' style='color: #FFD700;'><td>Skipped:</td><td>0</td></tr><tr><td>Success rate:</td><td>20%</td></tr></table></div><br/><br/><div id='results'><h2 style='margin: 0;'>Test results:</h2><hr/><table cellspacing='0' cellpadding='0' style='width: 100%;'><tr><th width='10%' align='center'>Result</th><th width='75%'>Test name</th><th width='10%'>Test files</th></tr><tr><td colspan='4' class='package' style='background: gray; border-style: solid; border-width: 1px; border-color: white; padding: 5px; color: white;'>com.solvd.carinatest</td></tr><tr class='fail' style='background: #FF5C33;'><td align='center' style='border-style: solid; border-width: 1px; border-color: white; padding: 5px; color: white;'>FAILED</td><td style='border-style: solid; border-width: 1px; border-color: white; padding: 5px; color: white;'><span>carina-test - checkSearchTest [L01]</span><div style="background:#ffcccc; color: black; padding: 5px; margin: 2px 0px 2px 0px;">The following asserts failed:<br/>	Product title does not contain brand name &quot;Sony&quot; expected [true] but found [false],<br/>	Product title does not contain brand name &quot;Sony&quot; expected [true] but found [false],<br/>	Product title does not contain brand name &quot;Sony&quot; expected [true] but found [false],<br/>	Product title does not contain brand name &quot;Sony&quot; expected [true] but found [false],<br/>	Product title does not contain brand name &quot;Sony&quot; expected [true] but found [false]<br/><br/>org.testng.asserts.SoftAssert.assertAll(SoftAssert.java:47)<br/>org.testng.asserts.SoftAssert.assertAll(SoftAssert.java:31)<br/>com.solvd.carinatest.EbayTest.checkSearchTest(EbayTest.java:53)<br/>java.base/jdk.internal.reflect.NativeMethodAccessorImpl.invoke0(Native Method)<br/>java.base/jdk.internal.reflect.NativeMethodAccessorImpl.invoke(NativeMethodAccessorImpl.java:77)<br/>java.base/jdk.internal.reflect.DelegatingMethodAccessorImpl.invoke(DelegatingMethodAccessorImpl.java:43)<br/>java.base/java.lang.reflect.Method.invoke(Method.java:568)<br/>org.testng.internal.MethodInvocationHelper.invokeMethod(MethodInvocationHelper.java:133)<br/>org.testng.internal.TestInvoker.invokeMethod(TestInvoker.java:598)<br/>org.testng.internal.TestInvoker.invokeTestMethod(TestInvoker.java:173)<br/>org.testng.internal.MethodRunner.runInSequence(MethodRunner.java:46)<br/>org.testng.internal.TestInvoker$MethodInvocationAgent.invoke(TestInvoker.java:824)<br/>org.testng.internal.TestInvoker.invokeTestMethods(TestInvoker.java:146)<br/>org.testng.internal.TestMethodWorker.invokeTestMethods(TestMethodWorker.java:146)<br/>org.testng.internal.TestMethodWorker.run(TestMethodWorker.java:128)<br/>java.base/java.util.ArrayList.forEach(ArrayList.java:1511)<br/>org.testng.TestRunner.privateRun(TestRunner.java:794)<br/>org.testng.TestRunner.run(TestRunner.java:596)<br/>org.testng.SuiteRunner.runTest(SuiteRunner.java:377)<br/>org.testng.SuiteRunner.runSequentially(SuiteRunner.java:371)<br/>org.testng.SuiteRunner.privateRun(SuiteRunner.java:332)<br/>org.testng.SuiteRunner.run(SuiteRunner.java:276)<br/>org.testng.SuiteRunnerWorker.runSuite(SuiteRunnerWorker.java:53)<br/>org.testng.SuiteRunnerWo...</div></td><td align='center' style='border-style: solid; border-width: 1px; border-color: white; padding: 5px; color: white;'><a target='_blank' href='file:///Users/apetrov/Documents/carina-test/./reports/1645175691419/8bbe66fc-25ed-4426-855a-f6ebb090f47a/test.log' style='color: white;'>Logs</a><span> | </span><a target='_blank' href='file:///Users/apetrov/Documents/carina-test/./reports/1645175691419/8bbe66fc-25ed-4426-855a-f6ebb090f47a/report.html' style='color: white;'>Slides</a></td></tr><tr class='fail' style='background: #FF5C33;'><td align='center' style='border-style: solid; border-width: 1px; border-color: white; padding: 5px; color: white;'>FAILED</td><td style='border-style: solid; border-width: 1px; border-color: white; padding: 5px; color: white;'><span>carina-test - checkSearchTest [L02]</span><div style="background:#ffcccc; color: black; padding: 5px; margin: 2px 0px 2px 0px;">The following asserts failed:<br/>	Product title does not contain brand name &quot;Samsung&quot; expected [true] but found [false]<br/><br/>org.testng.asserts.SoftAssert.assertAll(SoftAssert.java:47)<br/>org.testng.asserts.SoftAssert.assertAll(SoftAssert.java:31)<br/>com.solvd.carinatest.EbayTest.checkSearchTest(EbayTest.java:53)<br/>java.base/jdk.internal.reflect.NativeMethodAccessorImpl.invoke0(Native Method)<br/>java.base/jdk.internal.reflect.NativeMethodAccessorImpl.invoke(NativeMethodAccessorImpl.java:77)<br/>java.base/jdk.internal.reflect.DelegatingMethodAccessorImpl.invoke(DelegatingMethodAccessorImpl.java:43)<br/>java.base/java.lang.reflect.Method.invoke(Method.java:568)<br/>org.testng.internal.MethodInvocationHelper.invokeMethod(MethodInvocationHelper.java:133)<br/>org.testng.internal.TestInvoker.invokeMethod(TestInvoker.java:598)<br/>org.testng.internal.TestInvoker.invokeTestMethod(TestInvoker.java:173)<br/>org.testng.internal.MethodRunner.runInSequence(MethodRunner.java:46)<br/>org.testng.internal.TestInvoker$MethodInvocationAgent.invoke(TestInvoker.java:824)<br/>org.testng.internal.TestInvoker.invokeTestMethods(TestInvoker.java:146)<br/>org.testng.internal.TestMethodWorker.invokeTestMethods(TestMethodWorker.java:146)<br/>org.testng.internal.TestMethodWorker.run(TestMethodWorker.java:128)<br/>java.base/java.util.ArrayList.forEach(ArrayList.java:1511)<br/>org.testng.TestRunner.privateRun(TestRunner.java:794)<br/>org.testng.TestRunner.run(TestRunner.java:596)<br/>org.testng.SuiteRunner.runTest(SuiteRunner.java:377)<br/>org.testng.SuiteRunner.runSequentially(SuiteRunner.java:371)<br/>org.testng.SuiteRunner.privateRun(SuiteRunner.java:332)<br/>org.testng.SuiteRunner.run(SuiteRunner.java:276)<br/>org.testng.SuiteRunnerWorker.runSuite(SuiteRunnerWorker.java:53)<br/>org.testng.SuiteRunnerWorker.run(SuiteRunnerWorker.java:96)<br/>org.testng.TestNG.runSuitesSequentially(TestNG.java:1212)<br/>org.testng.TestNG.runSuitesLocally(TestNG.java:1134)<br/>org.testng.TestNG.runSuites(TestNG.java:1063)<br/>org.testng.TestNG.run(TestNG.java:1031)<br/>com.intellij.rt.testng.IDEARemoteTestNG.run(IDEARemoteTestNG.java:66)<br/>com.intellij.rt.testng.RemoteTestN...</div></td><td align='center' style='border-style: solid; border-width: 1px; border-color: white; padding: 5px; color: white;'><a target='_blank' href='file:///Users/apetrov/Documents/carina-test/./reports/1645175691419/85aa7437-1ade-48df-a507-725c73acdd78/test.log' style='color: white;'>Logs</a><span> | </span><a target='_blank' href='file:///Users/apetrov/Documents/carina-test/./reports/1645175691419/85aa7437-1ade-48df-a507-725c73acdd78/report.html' style='color: white;'>Slides</a></td></tr><tr class='fail' style='background: #FF5C33;'><td align='center' style='border-style: solid; border-width: 1px; border-color: white; padding: 5px; color: white;'>FAILED</td><td style='border-style: solid; border-width: 1px; border-color: white; padding: 5px; color: white;'><span>carina-test - checkSearchTest [L03]</span><div style="background:#ffcccc; color: black; padding: 5px; margin: 2px 0px 2px 0px;">The following asserts failed:<br/>	Product title does not contain brand name &quot;Apple&quot; expected [true] but found [false],<br/>	Product title does not contain brand name &quot;Apple&quot; expected [true] but found [false],<br/>	Product title does not contain brand name &quot;Apple&quot; expected [true] but found [false],<br/>	Product title does not contain brand name &quot;Apple&quot; expected [true] but found [false],<br/>	Product title does not contain brand name &quot;Apple&quot; expected [true] but found [false],<br/>	Product title does not contain brand name &quot;Apple&quot; expected [true] but found [false],<br/>	Product title does not contain brand name &quot;Apple&quot; expected [true] but found [false]<br/><br/>org.testng.asserts.SoftAssert.assertAll(SoftAssert.java:47)<br/>org.testng.asserts.SoftAssert.assertAll(SoftAssert.java:31)<br/>com.solvd.carinatest.EbayTest.checkSearchTest(EbayTest.java:53)<br/>java.base/jdk.internal.reflect.NativeMethodAccessorImpl.invoke0(Native Method)<br/>java.base/jdk.internal.reflect.NativeMethodAccessorImpl.invoke(NativeMethodAccessorImpl.java:77)<br/>java.base/jdk.internal.reflect.DelegatingMethodAccessorImpl.invoke(DelegatingMethodAccessorImpl.java:43)<br/>java.base/java.lang.reflect.Method.invoke(Method.java:568)<br/>org.testng.internal.MethodInvocationHelper.invokeMethod(MethodInvocationHelper.java:133)<br/>org.testng.internal.TestInvoker.invokeMethod(TestInvoker.java:598)<br/>org.testng.internal.TestInvoker.invokeTestMethod(TestInvoker.java:173)<br/>org.testng.internal.MethodRunner.runInSequence(MethodRunner.java:46)<br/>org.testng.internal.TestInvoker$MethodInvocationAgent.invoke(TestInvoker.java:824)<br/>org.testng.internal.TestInvoker.invokeTestMethods(TestInvoker.java:146)<br/>org.testng.internal.TestMethodWorker.invokeTestMethods(TestMethodWorker.java:146)<br/>org.testng.internal.TestMethodWorker.run(TestMethodWorker.java:128)<br/>java.base/java.util.ArrayList.forEach(ArrayList.java:1511)<br/>org.testng.TestRunner.privateRun(TestRunner.java:794)<br/>org.testng.TestRunner.run(TestRunner.java:596)<br/>org.testng.SuiteRunner.runTest(SuiteRunner.java:377)<br/>org.testng.SuiteRunner.runSequentially(SuiteRunner.java:371)<br/>org.testng.SuiteR...</div></td><td align='center' style='border-style: solid; border-width: 1px; border-color: white; padding: 5px; color: white;'><a target='_blank' href='file:///Users/apetrov/Documents/carina-test/./reports/1645175691419/b27470a0-d961-4cdd-be84-e28b767b53e2/test.log' style='color: white;'>Logs</a><span> | </span><a target='_blank' href='file:///Users/apetrov/Documents/carina-test/./reports/1645175691419/b27470a0-d961-4cdd-be84-e28b767b53e2/report.html' style='color: white;'>Slides</a></td></tr><tr class='fail' style='background: #FF5C33;'><td align='center' style='border-style: solid; border-width: 1px; border-color: white; padding: 5px; color: white;'>FAILED</td><td style='border-style: solid; border-width: 1px; border-color: white; padding: 5px; color: white;'><span>carina-test - checkSearchTest [L04]</span><div style="background:#ffcccc; color: black; padding: 5px; margin: 2px 0px 2px 0px;">The following asserts failed:<br/>	Product title does not contain brand name &quot;Xiaomi&quot; expected [true] but found [false]<br/><br/>org.testng.asserts.SoftAssert.assertAll(SoftAssert.java:47)<br/>org.testng.asserts.SoftAssert.assertAll(SoftAssert.java:31)<br/>com.solvd.carinatest.EbayTest.checkSearchTest(EbayTest.java:53)<br/>java.base/jdk.internal.reflect.NativeMethodAccessorImpl.invoke0(Native Method)<br/>java.base/jdk.internal.reflect.NativeMethodAccessorImpl.invoke(NativeMethodAccessorImpl.java:77)<br/>java.base/jdk.internal.reflect.DelegatingMethodAccessorImpl.invoke(DelegatingMethodAccessorImpl.java:43)<br/>java.base/java.lang.reflect.Method.invoke(Method.java:568)<br/>org.testng.internal.MethodInvocationHelper.invokeMethod(MethodInvocationHelper.java:133)<br/>org.testng.internal.TestInvoker.invokeMethod(TestInvoker.java:598)<br/>org.testng.internal.TestInvoker.invokeTestMethod(TestInvoker.java:173)<br/>org.testng.internal.MethodRunner.runInSequence(MethodRunner.java:46)<br/>org.testng.internal.TestInvoker$MethodInvocationAgent.invoke(TestInvoker.java:824)<br/>org.testng.internal.TestInvoker.invokeTestMethods(TestInvoker.java:146)<br/>org.testng.internal.TestMethodWorker.invokeTestMethods(TestMethodWorker.java:146)<br/>org.testng.internal.TestMethodWorker.run(TestMethodWorker.java:128)<br/>java.base/java.util.ArrayList.forEach(ArrayList.java:1511)<br/>org.testng.TestRunner.privateRun(TestRunner.java:794)<br/>org.testng.TestRunner.run(TestRunner.java:596)<br/>org.testng.SuiteRunner.runTest(SuiteRunner.java:377)<br/>org.testng.SuiteRunner.runSequentially(SuiteRunner.java:371)<br/>org.testng.SuiteRunner.privateRun(SuiteRunner.java:332)<br/>org.testng.SuiteRunner.run(SuiteRunner.java:276)<br/>org.testng.SuiteRunnerWorker.runSuite(SuiteRunnerWorker.java:53)<br/>org.testng.SuiteRunnerWorker.run(SuiteRunnerWorker.java:96)<br/>org.testng.TestNG.runSuitesSequentially(TestNG.java:1212)<br/>org.testng.TestNG.runSuitesLocally(TestNG.java:1134)<br/>org.testng.TestNG.runSuites(TestNG.java:1063)<br/>org.testng.TestNG.run(TestNG.java:1031)<br/>com.intellij.rt.testng.IDEARemoteTestNG.run(IDEARemoteTestNG.java:66)<br/>com.intellij.rt.testng.RemoteTestNG...</div></td><td align='center' style='border-style: solid; border-width: 1px; border-color: white; padding: 5px; color: white;'><a target='_blank' href='file:///Users/apetrov/Documents/carina-test/./reports/1645175691419/b16ddc89-8805-4852-9a78-350af1452340/test.log' style='color: white;'>Logs</a><span> | </span><a target='_blank' href='file:///Users/apetrov/Documents/carina-test/./reports/1645175691419/b16ddc89-8805-4852-9a78-350af1452340/report.html' style='color: white;'>Slides</a></td></tr><tr class='pass' style='background: #66C266;'><td align='center' style='border-style: solid; border-width: 1px; border-color: white; padding: 5px; color: white;'>PASSED</td><td style='border-style: solid; border-width: 1px; border-color: white; padding: 5px; color: white;'>carina-test - checkSearchTest [L05]</td><td align='center' style='border-style: solid; border-width: 1px; border-color: white; padding: 5px; color: white;'><a target='_blank' href='file:///Users/apetrov/Documents/carina-test/./reports/1645175691419/b2a6b359-1139-4489-b3a8-fcccc95b1fae/test.log' style='color: white;'>Logs</a><span> | </span><a target='_blank' href='file:///Users/apetrov/Documents/carina-test/./reports/1645175691419/b2a6b359-1139-4489-b3a8-fcccc95b1fae/report.html' style='color: white;'>Slides</a></td></tr></table></div></div>