[2022-02-17 02:51:11] [TestRunRegistrar.java] [26] [WARN] Reporting disabled: using no op test run registrar
[2022-02-17 02:51:11] [IMessager.java] [26] [INFO] TEST [ebayTest - checkStorageCapacityFilter] STARTED at [14:51:11 2022-02-17]
[2022-02-17 02:51:26] [DriverListener.java] [26] [INFO] INFO: url 'https://www.ebay.com/' is opened.
[2022-02-17 02:51:28] [DriverListener.java] [26] [INFO] Element clicked
[2022-02-17 02:51:29] [DriverListener.java] [26] [INFO] PASS: element 'moreFiltersButton' is clicked.
[2022-02-17 02:51:50] [IMessager.java] [26] [ERROR] TEST [ebayTest - checkStorageCapacityFilter] FAILED at [14:51:50 2022-02-17] - Expected condition failed: waiting for element to be clickable: [[[[[[RemoteWebDriver: chrome on MAC (f27bcbd6060cb781a9014eccad48b58d)] -> css selector: #x-overlay__form div.x-overlay__wrapper--right]] -> css selector: div.x-refine__select__svg]] -> css selector: input] (tried for 10 second(s) with 500 milliseconds interval)
Build info: version: '3.141.59', revision: 'e82be7d358', time: '2018-11-14T08:17:03'
System info: host: 'Artems-MacBook-Pro.local', ip: 'fe80:0:0:0:1c28:d753:381e:c9b3%en0', os.name: 'Mac OS X', os.arch: 'aarch64', os.version: '12.2', java.version: '17.0.2'
Driver info: org.openqa.selenium.support.events.EventFiringWebDriver
Capabilities {acceptInsecureCerts: true, browserName: chrome, browserVersion: 98.0.4758.102, chrome: {chromedriverVersion: 98.0.4758.80 (7f0488e8ba0d8..., userDataDir: /var/folders/j1/7631sqgd0xj...}, goog:chromeOptions: {debuggerAddress: localhost:58647}, javascriptEnabled: true, networkConnectionEnabled: false, pageLoadStrategy: normal, platform: MAC, platformName: MAC, proxy: Proxy(), setWindowRect: true, strictFileInteractability: false, timeouts: {implicit: 0, pageLoad: 300000, script: 30000}, unhandledPromptBehavior: dismiss and notify, webauthn:extension:credBlob: true, webauthn:extension:largeBlob: true, webauthn:virtualAuthenticators: true}
Session ID: f27bcbd6060cb781a9014eccad48b58d

org.openqa.selenium.support.ui.WebDriverWait.timeoutException(WebDriverWait.java:95)
org.openqa.selenium.support.ui.FluentWait.until(FluentWait.java:272)
com.solvd.carinatest.AbstractFunctional.click(AbstractFunctional.java:17)
com.solvd.carinatest.components.FilterItem.clickCheckbox(FilterItem.java:26)
com.solvd.carinatest.components.FilterBlock.clickOnCheckbox(FilterBlock.java:31)
com.solvd.carinatest.components.FilterFrame.clickOnCheckbox(FilterFrame.java:38)
com.solvd.carinatest.EbayTest.checkStorageCapacityFilter(EbayTest.java:112)
java.base/jdk.internal.reflect.NativeMethodAccessorImpl.invoke0(Native Method)
java.base/jdk.internal.reflect.NativeMethodAccessorImpl.invoke(NativeMethodAccessorImpl.java:77)
java.base/jdk.internal.reflect.DelegatingMethodAccessorImpl.invoke(DelegatingMethodAccessorImpl.java:43)
java.base/java.lang.reflect.Method.invoke(Method.java:568)
org.testng.internal.MethodInvocationHelper.invokeMethod(MethodInvocationHelper.java:133)
org.testng.internal.TestInvoker.invokeMethod(TestInvoker.java:598)
org.testng.internal.TestInvoker.invokeTestMethod(TestInvoker.java:173)
org.testng.internal.MethodRunner.runInSequence(MethodRunner.java:46)
org.testng.internal.TestInvoker$MethodInvocationAgent.invoke(TestInvoker.java:824)
org.testng.internal.TestInvoker.invokeTestMethods(TestInvoker.java:146)
org.testng.internal.TestMethodWorker.invokeTestMethods(TestMethodWorker.java:146)
org.testng.internal.TestMethodWorker.run(TestMethodWorker.java:128)
java.base/java.util.concurrent.ThreadPoolExecutor.runWorker(ThreadPoolExecutor.java:1136)
java.base/java.util.concurrent.ThreadPoolExecutor$Worker.run(ThreadPoolExecutor.java:635)
java.base/java.lang.Thread.run(Thread.java:833)
