[2022-04-01 01:22:38] [TestRunRegistrar.java] [1] [WARN] Reporting disabled: using no op test run registrar
[2022-04-01 01:22:38] [IMessager.java] [1] [INFO] TEST [carina-test - checkUnderPriceFilterTest] STARTED at [13:22:38 2022-04-01]
[2022-04-01 01:22:38] [IDriverPool.java] [1] [ERROR] Driver initialization 'default' FAILED! Retry 1 of 1 time - Could not start a new session. Possible causes are invalid address of the remote server or browser start-up failure.
Build info: version: '3.141.59', revision: 'e82be7d358', time: '2018-11-14T08:17:03'
System info: host: 'Artems-MacBook-Pro.local', ip: 'fe80:0:0:0:883:209d:a302:60d0%en0', os.name: 'Mac OS X', os.arch: 'aarch64', os.version: '12.2', java.version: '17.0.2'
Driver info: driver.version: RemoteWebDriver
[2022-04-01 01:22:38] [IMessager.java] [1] [ERROR] TEST [carina-test - checkUnderPriceFilterTest] FAILED at [13:22:38 2022-04-01] - Could not start a new session. Possible causes are invalid address of the remote server or browser start-up failure.
Build info: version: '3.141.59', revision: 'e82be7d358', time: '2018-11-14T08:17:03'
System info: host: 'Artems-MacBook-Pro.local', ip: 'fe80:0:0:0:883:209d:a302:60d0%en0', os.name: 'Mac OS X', os.arch: 'aarch64', os.version: '12.2', java.version: '17.0.2'
Driver info: driver.version: RemoteWebDriver

org.openqa.selenium.remote.RemoteWebDriver.execute(RemoteWebDriver.java:573)
org.openqa.selenium.remote.RemoteWebDriver.startSession(RemoteWebDriver.java:213)
org.openqa.selenium.remote.RemoteWebDriver.<init>(RemoteWebDriver.java:131)
org.openqa.selenium.remote.RemoteWebDriver.<init>(RemoteWebDriver.java:144)
com.qaprosoft.carina.core.foundation.webdriver.core.factory.impl.DesktopFactory.create(DesktopFactory.java:72)
com.qaprosoft.carina.core.foundation.webdriver.core.factory.DriverFactory.create(DriverFactory.java:78)
com.qaprosoft.carina.core.foundation.webdriver.IDriverPool.createDriver(IDriverPool.java:387)
com.qaprosoft.carina.core.foundation.webdriver.IDriverPool.getDriver(IDriverPool.java:129)
com.qaprosoft.carina.core.foundation.webdriver.IDriverPool.getDriver(IDriverPool.java:85)
com.qaprosoft.carina.core.foundation.webdriver.IDriverPool.getDriver(IDriverPool.java:72)
com.solvd.carinatest.EbayTest.checkUnderPriceFilterTest(EbayTest.java:57)
java.base/jdk.internal.reflect.NativeMethodAccessorImpl.invoke0(Native Method)
java.base/jdk.internal.reflect.NativeMethodAccessorImpl.invoke(NativeMethodAccessorImpl.java:77)
java.base/jdk.internal.reflect.DelegatingMethodAccessorImpl.invoke(DelegatingMethodAccessorImpl.java:43)
java.base/java.lang.reflect.Method.invoke(Method.java:568)
org.testng.internal.MethodInvocationHelper.invokeMethod(MethodInvocationHelper.java:133)
org.testng.internal.TestInvoker.invokeMethod(TestInvoker.java:598)
org.testng.internal.TestInvoker.invokeTestMethod(TestInvoker.java:173)
org.testng.internal.MethodRunner.runInSequence(MethodRunner.java:46)
org.testng.internal.TestInvoker$MethodInvocationAgent.invoke(TestInvoker.java:824)
org.testng.internal.TestInvoker.invokeTestMethods(TestInvoker.java:146)
org.testng.internal.TestMethodWorker.invokeTestMethods(TestMethodWorker.java:146)
org.testng.internal.TestMethodWorker.run(TestMethodWorker.java:128)
java.base/java.util.ArrayList.forEach(ArrayList.java:1511)
org.testng.TestRunner.privateRun(TestRunner.java:794)
org.testng.TestRunner.run(TestRunner.java:596)
org.testng.SuiteRunner.runTest(SuiteRunner.java:377)
org.testng.SuiteRunner.runSequentially(SuiteRunner.java:371)
org.testng.SuiteRunner.privateRun(SuiteRunner.java:332)
org.testng.SuiteRunner.run(SuiteRunner.java:276)
org.testng.SuiteRunnerWorker.runSuite(SuiteRunnerWorker.java:53)
org.testng.SuiteRunnerWorker.run(SuiteRunnerWorker.java:96)
org.testng.TestNG.runSuitesSequentially(TestNG.java:1212)
org.testng.TestNG.runSuitesLocally(TestNG.java:1134)
org.testng.TestNG.runSuites(TestNG.java:1063)
org.testng.TestNG.run(TestNG.java:1031)
com.intellij.rt.testng.IDEARemoteTestNG.run(IDEARemoteTestNG.java:66)
com.intellij.rt.testng.RemoteTestNGStarter.main(RemoteTestNGStarter.java:109)
