<div id='container' style='width: 98%; padding: 10px; margin: 0; background: #EBEBE0; color: #717171; font-family: Calibri;'><div id='summary'><h2 align='center' style='background-color: gray; color: white; padding: 10px; margin: 0;'>FAILED: Default Suite (temp-testng-customsuite.xml) - PROD (Desktop chrome)</h2><br/><h2 style='clear: both; margin: 0;'>Summary:</h2><hr/><table style='width: 1000px;'><tr><td style='width: 100px;'>Environment:</td><td>PROD - <a href='https://www.ebay.com/'>https://www.ebay.com/</a></td></tr><tr><td>Version:</td><td></td></tr><tr><td>Device:</td><td>Desktop</td></tr><tr><td>Browser:</td><td>chrome</td></tr><tr><td>Finished:</td><td>14:52:19 2022-02-17</td></tr><tr class='pass' style='color: #66C266;'><td>Passed: </td><td>0</td></tr><tr class='fail' style='color: #FF5C33;'><td>Failed:</td><td>5</td></tr><tr class='skip' style='color: #FFD700;'><td>Skipped:</td><td>0</td></tr><tr><td>Success rate:</td><td>0%</td></tr></table></div><br/><br/><div id='results'><h2 style='margin: 0;'>Test results:</h2><hr/><table cellspacing='0' cellpadding='0' style='width: 100%;'><tr><th width='10%' align='center'>Result</th><th width='75%'>Test name</th><th width='10%'>Test files</th></tr><tr><td colspan='4' class='package' style='background: gray; border-style: solid; border-width: 1px; border-color: white; padding: 5px; color: white;'>com.solvd.carinatest</td></tr><tr class='fail' style='background: #FF5C33;'><td align='center' style='border-style: solid; border-width: 1px; border-color: white; padding: 5px; color: white;'>FAILED</td><td style='border-style: solid; border-width: 1px; border-color: white; padding: 5px; color: white;'><span>carina-test - checkSearchTest [L01]</span><div style="background:#ffcccc; color: black; padding: 5px; margin: 2px 0px 2px 0px;">no such element: Unable to locate element: {&quot;method&quot;:&quot;css selector&quot;,&quot;selector&quot;:&quot;#gh-f input[type=text]&quot;}<br/>  (Session info: chrome=98.0.4758.102)<br/>For documentation on this error, please visit: https://www.seleniumhq.org/exceptions/no_such_element.html<br/>Build info: version: '3.141.59', revision: 'e82be7d358', time: '2018-11-14T08:17:03'<br/>System info: host: 'Artems-MacBook-Pro.local', ip: 'fe80:0:0:0:1c28:d753:381e:c9b3%en0', os.name: 'Mac OS X', os.arch: 'aarch64', os.version: '12.2', java.version: '17.0.2'<br/>Driver info: org.openqa.selenium.remote.RemoteWebDriver<br/>Capabilities {acceptInsecureCerts: true, browserName: chrome, browserVersion: 98.0.4758.102, chrome: {chromedriverVersion: 98.0.4758.80 (7f0488e8ba0d8..., userDataDir: /var/folders/j1/7631sqgd0xj...}, goog:chromeOptions: {debuggerAddress: localhost:59384}, javascriptEnabled: true, networkConnectionEnabled: false, pageLoadStrategy: normal, platform: MAC, platformName: MAC, proxy: Proxy(), setWindowRect: true, strictFileInteractability: false, timeouts: {implicit: 0, pageLoad: 300000, script: 30000}, unhandledPromptBehavior: dismiss and notify, webauthn:extension:credBlob: true, webauthn:extension:largeBlob: true, webauthn:virtualAuthenticators: true}<br/>Session ID: 07a210081c218794df8e7bdc07ef5abc<br/>*** Element info: {Using=css selector, value=#gh-f input[type=text]}<br/><br/>java.base/jdk.internal.reflect.NativeConstructorAccessorImpl.newInstance0(Native Method)<br/>java.base/jdk.internal.reflect.NativeConstructorAccessorImpl.newInstance(NativeConstructorAccessorImpl.java:77)<br/>java.base/jdk.internal.reflect.DelegatingConstructorAccessorImpl.newInstance(DelegatingConstructorAccessorImpl.java:45)<br/>java.base/java.lang.reflect.Constructor.newInstanceWithCaller(Constructor.java:499)<br/>java.base/java.lang.reflect.Constructor.newInstance(Constructor.java:480)<br/>org.openqa.selenium.remote.http.W3CHttpResponseCodec.createException(W3CHttpResponseCodec.java:187)<br/>org.openqa.selenium.remote.http.W3CHttpResponseCodec.decode(W3CHttpResponseCodec.java:122)<br/>org.openqa.selenium.remote.http.W3CHttpRe...</div></td><td align='center' style='border-style: solid; border-width: 1px; border-color: white; padding: 5px; color: white;'><a target='_blank' href='file:///Users/apetrov/Documents/carina-test/./reports/1645098730162/9fea3904-7c77-4578-b345-6bc68fcd7552/test.log' style='color: white;'>Logs</a></td></tr><tr class='fail' style='background: #FF5C33;'><td align='center' style='border-style: solid; border-width: 1px; border-color: white; padding: 5px; color: white;'>FAILED</td><td style='border-style: solid; border-width: 1px; border-color: white; padding: 5px; color: white;'><span>carina-test - checkSearchTest [L02]</span><div style="background:#ffcccc; color: black; padding: 5px; margin: 2px 0px 2px 0px;">no such element: Unable to locate element: {&quot;method&quot;:&quot;css selector&quot;,&quot;selector&quot;:&quot;#gh-f input[type=text]&quot;}<br/>  (Session info: chrome=98.0.4758.102)<br/>For documentation on this error, please visit: https://www.seleniumhq.org/exceptions/no_such_element.html<br/>Build info: version: '3.141.59', revision: 'e82be7d358', time: '2018-11-14T08:17:03'<br/>System info: host: 'Artems-MacBook-Pro.local', ip: 'fe80:0:0:0:1c28:d753:381e:c9b3%en0', os.name: 'Mac OS X', os.arch: 'aarch64', os.version: '12.2', java.version: '17.0.2'<br/>Driver info: org.openqa.selenium.remote.RemoteWebDriver<br/>Capabilities {acceptInsecureCerts: true, browserName: chrome, browserVersion: 98.0.4758.102, chrome: {chromedriverVersion: 98.0.4758.80 (7f0488e8ba0d8..., userDataDir: /var/folders/j1/7631sqgd0xj...}, goog:chromeOptions: {debuggerAddress: localhost:59411}, javascriptEnabled: true, networkConnectionEnabled: false, pageLoadStrategy: normal, platform: MAC, platformName: MAC, proxy: Proxy(), setWindowRect: true, strictFileInteractability: false, timeouts: {implicit: 0, pageLoad: 300000, script: 30000}, unhandledPromptBehavior: dismiss and notify, webauthn:extension:credBlob: true, webauthn:extension:largeBlob: true, webauthn:virtualAuthenticators: true}<br/>Session ID: 516fa78fff931f69fd77466104ba2c79<br/>*** Element info: {Using=css selector, value=#gh-f input[type=text]}<br/><br/>java.base/jdk.internal.reflect.NativeConstructorAccessorImpl.newInstance0(Native Method)<br/>java.base/jdk.internal.reflect.NativeConstructorAccessorImpl.newInstance(NativeConstructorAccessorImpl.java:77)<br/>java.base/jdk.internal.reflect.DelegatingConstructorAccessorImpl.newInstance(DelegatingConstructorAccessorImpl.java:45)<br/>java.base/java.lang.reflect.Constructor.newInstanceWithCaller(Constructor.java:499)<br/>java.base/java.lang.reflect.Constructor.newInstance(Constructor.java:480)<br/>org.openqa.selenium.remote.http.W3CHttpResponseCodec.createException(W3CHttpResponseCodec.java:187)<br/>org.openqa.selenium.remote.http.W3CHttpResponseCodec.decode(W3CHttpResponseCodec.java:122)<br/>org.openqa.selenium.remote.http.W3CHttpRe...</div></td><td align='center' style='border-style: solid; border-width: 1px; border-color: white; padding: 5px; color: white;'><a target='_blank' href='file:///Users/apetrov/Documents/carina-test/./reports/1645098730162/96a5b632-cfaa-4644-89cf-671e2d0d1a24/test.log' style='color: white;'>Logs</a></td></tr><tr class='fail' style='background: #FF5C33;'><td align='center' style='border-style: solid; border-width: 1px; border-color: white; padding: 5px; color: white;'>FAILED</td><td style='border-style: solid; border-width: 1px; border-color: white; padding: 5px; color: white;'><span>carina-test - checkSearchTest [L03]</span><div style="background:#ffcccc; color: black; padding: 5px; margin: 2px 0px 2px 0px;">no such element: Unable to locate element: {&quot;method&quot;:&quot;css selector&quot;,&quot;selector&quot;:&quot;#gh-f input[type=text]&quot;}<br/>  (Session info: chrome=98.0.4758.102)<br/>For documentation on this error, please visit: https://www.seleniumhq.org/exceptions/no_such_element.html<br/>Build info: version: '3.141.59', revision: 'e82be7d358', time: '2018-11-14T08:17:03'<br/>System info: host: 'Artems-MacBook-Pro.local', ip: 'fe80:0:0:0:1c28:d753:381e:c9b3%en0', os.name: 'Mac OS X', os.arch: 'aarch64', os.version: '12.2', java.version: '17.0.2'<br/>Driver info: org.openqa.selenium.remote.RemoteWebDriver<br/>Capabilities {acceptInsecureCerts: true, browserName: chrome, browserVersion: 98.0.4758.102, chrome: {chromedriverVersion: 98.0.4758.80 (7f0488e8ba0d8..., userDataDir: /var/folders/j1/7631sqgd0xj...}, goog:chromeOptions: {debuggerAddress: localhost:59437}, javascriptEnabled: true, networkConnectionEnabled: false, pageLoadStrategy: normal, platform: MAC, platformName: MAC, proxy: Proxy(), setWindowRect: true, strictFileInteractability: false, timeouts: {implicit: 0, pageLoad: 300000, script: 30000}, unhandledPromptBehavior: dismiss and notify, webauthn:extension:credBlob: true, webauthn:extension:largeBlob: true, webauthn:virtualAuthenticators: true}<br/>Session ID: 3877c7aa9701f5b2362fc766c9cd395e<br/>*** Element info: {Using=css selector, value=#gh-f input[type=text]}<br/><br/>java.base/jdk.internal.reflect.NativeConstructorAccessorImpl.newInstance0(Native Method)<br/>java.base/jdk.internal.reflect.NativeConstructorAccessorImpl.newInstance(NativeConstructorAccessorImpl.java:77)<br/>java.base/jdk.internal.reflect.DelegatingConstructorAccessorImpl.newInstance(DelegatingConstructorAccessorImpl.java:45)<br/>java.base/java.lang.reflect.Constructor.newInstanceWithCaller(Constructor.java:499)<br/>java.base/java.lang.reflect.Constructor.newInstance(Constructor.java:480)<br/>org.openqa.selenium.remote.http.W3CHttpResponseCodec.createException(W3CHttpResponseCodec.java:187)<br/>org.openqa.selenium.remote.http.W3CHttpResponseCodec.decode(W3CHttpResponseCodec.java:122)<br/>org.openqa.selenium.remote.http.W3CHttpRe...</div></td><td align='center' style='border-style: solid; border-width: 1px; border-color: white; padding: 5px; color: white;'><a target='_blank' href='file:///Users/apetrov/Documents/carina-test/./reports/1645098730162/0ea1a151-2e31-40b0-9ed4-872a6684d1c5/test.log' style='color: white;'>Logs</a></td></tr><tr class='fail' style='background: #FF5C33;'><td align='center' style='border-style: solid; border-width: 1px; border-color: white; padding: 5px; color: white;'>FAILED</td><td style='border-style: solid; border-width: 1px; border-color: white; padding: 5px; color: white;'><span>carina-test - checkSearchTest [L04]</span><div style="background:#ffcccc; color: black; padding: 5px; margin: 2px 0px 2px 0px;">no such element: Unable to locate element: {&quot;method&quot;:&quot;css selector&quot;,&quot;selector&quot;:&quot;#gh-f input[type=text]&quot;}<br/>  (Session info: chrome=98.0.4758.102)<br/>For documentation on this error, please visit: https://www.seleniumhq.org/exceptions/no_such_element.html<br/>Build info: version: '3.141.59', revision: 'e82be7d358', time: '2018-11-14T08:17:03'<br/>System info: host: 'Artems-MacBook-Pro.local', ip: 'fe80:0:0:0:1c28:d753:381e:c9b3%en0', os.name: 'Mac OS X', os.arch: 'aarch64', os.version: '12.2', java.version: '17.0.2'<br/>Driver info: org.openqa.selenium.remote.RemoteWebDriver<br/>Capabilities {acceptInsecureCerts: true, browserName: chrome, browserVersion: 98.0.4758.102, chrome: {chromedriverVersion: 98.0.4758.80 (7f0488e8ba0d8..., userDataDir: /var/folders/j1/7631sqgd0xj...}, goog:chromeOptions: {debuggerAddress: localhost:59463}, javascriptEnabled: true, networkConnectionEnabled: false, pageLoadStrategy: normal, platform: MAC, platformName: MAC, proxy: Proxy(), setWindowRect: true, strictFileInteractability: false, timeouts: {implicit: 0, pageLoad: 300000, script: 30000}, unhandledPromptBehavior: dismiss and notify, webauthn:extension:credBlob: true, webauthn:extension:largeBlob: true, webauthn:virtualAuthenticators: true}<br/>Session ID: 86d2960e29b9ef93676fc59f7de9cf07<br/>*** Element info: {Using=css selector, value=#gh-f input[type=text]}<br/><br/>java.base/jdk.internal.reflect.NativeConstructorAccessorImpl.newInstance0(Native Method)<br/>java.base/jdk.internal.reflect.NativeConstructorAccessorImpl.newInstance(NativeConstructorAccessorImpl.java:77)<br/>java.base/jdk.internal.reflect.DelegatingConstructorAccessorImpl.newInstance(DelegatingConstructorAccessorImpl.java:45)<br/>java.base/java.lang.reflect.Constructor.newInstanceWithCaller(Constructor.java:499)<br/>java.base/java.lang.reflect.Constructor.newInstance(Constructor.java:480)<br/>org.openqa.selenium.remote.http.W3CHttpResponseCodec.createException(W3CHttpResponseCodec.java:187)<br/>org.openqa.selenium.remote.http.W3CHttpResponseCodec.decode(W3CHttpResponseCodec.java:122)<br/>org.openqa.selenium.remote.http.W3CHttpRe...</div></td><td align='center' style='border-style: solid; border-width: 1px; border-color: white; padding: 5px; color: white;'><a target='_blank' href='file:///Users/apetrov/Documents/carina-test/./reports/1645098730162/a6df1116-9133-409e-8b6c-04a4ada3e7dc/test.log' style='color: white;'>Logs</a></td></tr><tr class='fail' style='background: #FF5C33;'><td align='center' style='border-style: solid; border-width: 1px; border-color: white; padding: 5px; color: white;'>FAILED</td><td style='border-style: solid; border-width: 1px; border-color: white; padding: 5px; color: white;'><span>carina-test - checkSearchTest [L05]</span><div style="background:#ffcccc; color: black; padding: 5px; margin: 2px 0px 2px 0px;">no such element: Unable to locate element: {&quot;method&quot;:&quot;css selector&quot;,&quot;selector&quot;:&quot;#gh-f input[type=text]&quot;}<br/>  (Session info: chrome=98.0.4758.102)<br/>For documentation on this error, please visit: https://www.seleniumhq.org/exceptions/no_such_element.html<br/>Build info: version: '3.141.59', revision: 'e82be7d358', time: '2018-11-14T08:17:03'<br/>System info: host: 'Artems-MacBook-Pro.local', ip: 'fe80:0:0:0:1c28:d753:381e:c9b3%en0', os.name: 'Mac OS X', os.arch: 'aarch64', os.version: '12.2', java.version: '17.0.2'<br/>Driver info: org.openqa.selenium.remote.RemoteWebDriver<br/>Capabilities {acceptInsecureCerts: true, browserName: chrome, browserVersion: 98.0.4758.102, chrome: {chromedriverVersion: 98.0.4758.80 (7f0488e8ba0d8..., userDataDir: /var/folders/j1/7631sqgd0xj...}, goog:chromeOptions: {debuggerAddress: localhost:59489}, javascriptEnabled: true, networkConnectionEnabled: false, pageLoadStrategy: normal, platform: MAC, platformName: MAC, proxy: Proxy(), setWindowRect: true, strictFileInteractability: false, timeouts: {implicit: 0, pageLoad: 300000, script: 30000}, unhandledPromptBehavior: dismiss and notify, webauthn:extension:credBlob: true, webauthn:extension:largeBlob: true, webauthn:virtualAuthenticators: true}<br/>Session ID: 9009552bcfc7115e6cd581303296ac21<br/>*** Element info: {Using=css selector, value=#gh-f input[type=text]}<br/><br/>java.base/jdk.internal.reflect.NativeConstructorAccessorImpl.newInstance0(Native Method)<br/>java.base/jdk.internal.reflect.NativeConstructorAccessorImpl.newInstance(NativeConstructorAccessorImpl.java:77)<br/>java.base/jdk.internal.reflect.DelegatingConstructorAccessorImpl.newInstance(DelegatingConstructorAccessorImpl.java:45)<br/>java.base/java.lang.reflect.Constructor.newInstanceWithCaller(Constructor.java:499)<br/>java.base/java.lang.reflect.Constructor.newInstance(Constructor.java:480)<br/>org.openqa.selenium.remote.http.W3CHttpResponseCodec.createException(W3CHttpResponseCodec.java:187)<br/>org.openqa.selenium.remote.http.W3CHttpResponseCodec.decode(W3CHttpResponseCodec.java:122)<br/>org.openqa.selenium.remote.http.W3CHttpRe...</div></td><td align='center' style='border-style: solid; border-width: 1px; border-color: white; padding: 5px; color: white;'><a target='_blank' href='file:///Users/apetrov/Documents/carina-test/./reports/1645098730162/4892fa80-7388-40e0-bf45-139b9fe2d086/test.log' style='color: white;'>Logs</a></td></tr></table></div></div>